{"/home/travis/build/npmtest/node-npmtest-node-read/test.js":{"path":"/home/travis/build/npmtest/node-npmtest-node-read/test.js","s":{"1":2,"2":2,"3":2,"4":2,"5":2,"6":2,"7":2,"8":1,"9":2,"10":2,"11":1,"12":1,"13":1,"14":1,"15":2,"16":2,"17":2,"18":2,"19":1,"20":1,"21":2,"22":2,"23":2,"24":1,"25":1,"26":1,"27":1,"28":1,"29":1,"30":1,"31":1,"32":1,"33":1,"34":1,"35":1,"36":1,"37":1,"38":1,"39":2,"40":2,"41":1,"42":2,"43":2,"44":1,"45":2,"46":2,"47":1,"48":2,"49":2,"50":1,"51":1,"52":1,"53":1,"54":1},"b":{"1":[2,1,1,1],"2":[1,1,1,1],"3":[1,1],"4":[1,1],"5":[1,1],"6":[1,1],"7":[1,1],"8":[1,1],"9":[1,1],"10":[1,1,1],"11":[1,1],"12":[1,1],"13":[1,1],"14":[1,1],"15":[1,1],"16":[1,1],"17":[1,1]},"f":{"1":2,"2":2,"3":2,"4":2,"5":2,"6":1,"7":1,"8":1,"9":2,"10":2,"11":2,"12":2,"13":1},"fnMap":{"1":{"name":"(anonymous_1)","line":12,"loc":{"start":{"line":12,"column":1},"end":{"line":12,"column":13}}},"2":{"name":"(anonymous_2)","line":19,"loc":{"start":{"line":19,"column":5},"end":{"line":19,"column":17}}},"3":{"name":"(anonymous_3)","line":23,"loc":{"start":{"line":23,"column":24},"end":{"line":23,"column":36}}},"4":{"name":"(anonymous_4)","line":61,"loc":{"start":{"line":61,"column":5},"end":{"line":61,"column":17}}},"5":{"name":"(anonymous_5)","line":82,"loc":{"start":{"line":82,"column":5},"end":{"line":82,"column":17}}},"6":{"name":"(anonymous_6)","line":91,"loc":{"start":{"line":91,"column":77},"end":{"line":94,"column":10}}},"7":{"name":"(anonymous_7)","line":112,"loc":{"start":{"line":112,"column":83},"end":{"line":115,"column":10}},"skip":true},"8":{"name":"(anonymous_8)","line":123,"loc":{"start":{"line":123,"column":77},"end":{"line":126,"column":10}},"skip":true},"9":{"name":"(anonymous_9)","line":139,"loc":{"start":{"line":139,"column":12},"end":{"line":139,"column":40}},"skip":true},"10":{"name":"(anonymous_10)","line":147,"loc":{"start":{"line":147,"column":77},"end":{"line":150,"column":10}},"skip":true},"11":{"name":"(anonymous_11)","line":158,"loc":{"start":{"line":158,"column":83},"end":{"line":161,"column":10}},"skip":true},"12":{"name":"(anonymous_12)","line":169,"loc":{"start":{"line":169,"column":79},"end":{"line":172,"column":10}},"skip":true},"13":{"name":"(anonymous_13)","line":180,"loc":{"start":{"line":180,"column":75},"end":{"line":183,"column":10}},"skip":true}},"statementMap":{"1":{"start":{"line":12,"column":0},"end":{"line":195,"column":5}},"2":{"start":{"line":14,"column":4},"end":{"line":14,"column":14}},"3":{"start":{"line":19,"column":4},"end":{"line":56,"column":9}},"4":{"start":{"line":21,"column":8},"end":{"line":21,"column":19}},"5":{"start":{"line":23,"column":8},"end":{"line":35,"column":13}},"6":{"start":{"line":24,"column":12},"end":{"line":34,"column":13}},"7":{"start":{"line":25,"column":16},"end":{"line":28,"column":30}},"8":{"start":{"line":30,"column":16},"end":{"line":33,"column":27}},"9":{"start":{"line":37,"column":8},"end":{"line":39,"column":21}},"10":{"start":{"line":40,"column":8},"end":{"line":53,"column":9}},"11":{"start":{"line":43,"column":12},"end":{"line":46,"column":14}},"12":{"start":{"line":47,"column":12},"end":{"line":47,"column":18}},"13":{"start":{"line":50,"column":12},"end":{"line":51,"column":46}},"14":{"start":{"line":52,"column":12},"end":{"line":52,"column":18}},"15":{"start":{"line":55,"column":8},"end":{"line":55,"column":35}},"16":{"start":{"line":61,"column":4},"end":{"line":63,"column":9}},"17":{"start":{"line":62,"column":8},"end":{"line":62,"column":15}},"18":{"start":{"line":64,"column":4},"end":{"line":77,"column":5}},"19":{"start":{"line":70,"column":8},"end":{"line":70,"column":14}},"20":{"start":{"line":76,"column":8},"end":{"line":76,"column":14}},"21":{"start":{"line":82,"column":4},"end":{"line":84,"column":9}},"22":{"start":{"line":83,"column":8},"end":{"line":83,"column":15}},"23":{"start":{"line":85,"column":4},"end":{"line":194,"column":5}},"24":{"start":{"line":91,"column":8},"end":{"line":99,"column":10}},"25":{"start":{"line":98,"column":12},"end":{"line":98,"column":35}},"26":{"start":{"line":102,"column":8},"end":{"line":104,"column":63}},"27":{"start":{"line":105,"column":8},"end":{"line":105,"column":14}},"28":{"start":{"line":112,"column":8},"end":{"line":121,"column":10},"skip":true},"29":{"start":{"line":119,"column":12},"end":{"line":119,"column":55},"skip":true},"30":{"start":{"line":120,"column":12},"end":{"line":120,"column":48},"skip":true},"31":{"start":{"line":123,"column":8},"end":{"line":136,"column":10},"skip":true},"32":{"start":{"line":130,"column":12},"end":{"line":130,"column":76},"skip":true},"33":{"start":{"line":131,"column":12},"end":{"line":131,"column":73},"skip":true},"34":{"start":{"line":132,"column":12},"end":{"line":132,"column":74},"skip":true},"35":{"start":{"line":133,"column":12},"end":{"line":133,"column":79},"skip":true},"36":{"start":{"line":134,"column":12},"end":{"line":134,"column":25},"skip":true},"37":{"start":{"line":135,"column":12},"end":{"line":135,"column":45},"skip":true},"38":{"start":{"line":138,"column":8},"end":{"line":145,"column":14},"skip":true},"39":{"start":{"line":143,"column":16},"end":{"line":143,"column":29},"skip":true},"40":{"start":{"line":144,"column":16},"end":{"line":144,"column":55},"skip":true},"41":{"start":{"line":147,"column":8},"end":{"line":156,"column":10},"skip":true},"42":{"start":{"line":154,"column":12},"end":{"line":154,"column":25},"skip":true},"43":{"start":{"line":155,"column":12},"end":{"line":155,"column":45},"skip":true},"44":{"start":{"line":158,"column":8},"end":{"line":167,"column":10},"skip":true},"45":{"start":{"line":165,"column":12},"end":{"line":165,"column":25},"skip":true},"46":{"start":{"line":166,"column":12},"end":{"line":166,"column":48},"skip":true},"47":{"start":{"line":169,"column":8},"end":{"line":178,"column":10},"skip":true},"48":{"start":{"line":176,"column":12},"end":{"line":176,"column":25},"skip":true},"49":{"start":{"line":177,"column":12},"end":{"line":177,"column":46},"skip":true},"50":{"start":{"line":180,"column":8},"end":{"line":189,"column":10},"skip":true},"51":{"start":{"line":187,"column":12},"end":{"line":187,"column":94},"skip":true},"52":{"start":{"line":188,"column":12},"end":{"line":188,"column":48},"skip":true},"53":{"start":{"line":192,"column":8},"end":{"line":192,"column":35},"skip":true},"54":{"start":{"line":193,"column":8},"end":{"line":193,"column":14},"skip":true}},"branchMap":{"1":{"line":25,"type":"binary-expr","locations":[{"start":{"line":25,"column":23},"end":{"line":25,"column":62}},{"start":{"line":26,"column":20},"end":{"line":26,"column":70}},{"start":{"line":27,"column":20},"end":{"line":27,"column":71}},{"start":{"line":28,"column":20},"end":{"line":28,"column":29}}]},"2":{"line":30,"type":"binary-expr","locations":[{"start":{"line":30,"column":23},"end":{"line":30,"column":37}},{"start":{"line":31,"column":20},"end":{"line":31,"column":61}},{"start":{"line":32,"column":20},"end":{"line":32,"column":70}},{"start":{"line":33,"column":20},"end":{"line":33,"column":26}}]},"3":{"line":37,"type":"cond-expr","locations":[{"start":{"line":38,"column":14},"end":{"line":38,"column":20}},{"start":{"line":39,"column":14},"end":{"line":39,"column":20}}]},"4":{"line":40,"type":"switch","locations":[{"start":{"line":42,"column":8},"end":{"line":47,"column":18}},{"start":{"line":49,"column":8},"end":{"line":52,"column":18}}]},"5":{"line":44,"type":"binary-expr","locations":[{"start":{"line":44,"column":16},"end":{"line":44,"column":44}},{"start":{"line":44,"column":48},"end":{"line":44,"column":66}}]},"6":{"line":50,"type":"binary-expr","locations":[{"start":{"line":50,"column":21},"end":{"line":50,"column":49}},{"start":{"line":50,"column":53},"end":{"line":50,"column":72}}]},"7":{"line":64,"type":"switch","locations":[{"start":{"line":69,"column":4},"end":{"line":70,"column":14}},{"start":{"line":75,"column":4},"end":{"line":76,"column":14}}]},"8":{"line":85,"type":"switch","locations":[{"start":{"line":90,"column":4},"end":{"line":105,"column":14}},{"start":{"line":111,"column":4},"end":{"line":193,"column":14},"skip":true}]},"9":{"line":91,"type":"binary-expr","locations":[{"start":{"line":91,"column":42},"end":{"line":91,"column":73}},{"start":{"line":91,"column":77},"end":{"line":99,"column":9}}]},"10":{"line":102,"type":"binary-expr","locations":[{"start":{"line":102,"column":18},"end":{"line":102,"column":32}},{"start":{"line":103,"column":12},"end":{"line":103,"column":53}},{"start":{"line":104,"column":12},"end":{"line":104,"column":61}}]},"11":{"line":112,"type":"binary-expr","locations":[{"start":{"line":112,"column":45},"end":{"line":112,"column":79},"skip":true},{"start":{"line":112,"column":83},"end":{"line":121,"column":9},"skip":true}]},"12":{"line":123,"type":"binary-expr","locations":[{"start":{"line":123,"column":42},"end":{"line":123,"column":73},"skip":true},{"start":{"line":123,"column":77},"end":{"line":136,"column":9},"skip":true}]},"13":{"line":138,"type":"binary-expr","locations":[{"start":{"line":138,"column":48},"end":{"line":138,"column":85},"skip":true},{"start":{"line":139,"column":12},"end":{"line":145,"column":13},"skip":true}]},"14":{"line":147,"type":"binary-expr","locations":[{"start":{"line":147,"column":42},"end":{"line":147,"column":73},"skip":true},{"start":{"line":147,"column":77},"end":{"line":156,"column":9},"skip":true}]},"15":{"line":158,"type":"binary-expr","locations":[{"start":{"line":158,"column":45},"end":{"line":158,"column":79},"skip":true},{"start":{"line":158,"column":83},"end":{"line":167,"column":9},"skip":true}]},"16":{"line":169,"type":"binary-expr","locations":[{"start":{"line":169,"column":43},"end":{"line":169,"column":75},"skip":true},{"start":{"line":169,"column":79},"end":{"line":178,"column":9},"skip":true}]},"17":{"line":180,"type":"binary-expr","locations":[{"start":{"line":180,"column":41},"end":{"line":180,"column":71},"skip":true},{"start":{"line":180,"column":75},"end":{"line":189,"column":9},"skip":true}]}},"code":["/* istanbul instrument in package npmtest_node_read */","/*jslint","    bitwise: true,","    browser: true,","    maxerr: 8,","    maxlen: 96,","    node: true,","    nomen: true,","    regexp: true,","    stupid: true","*/","(function () {","    'use strict';","    var local;","","","","    // run shared js-env code - pre-init","    (function () {","        // init local","        local = {};","        // init modeJs","        local.modeJs = (function () {","            try {","                return typeof navigator.userAgent === 'string' &&","                    typeof document.querySelector('body') === 'object' &&","                    typeof XMLHttpRequest.prototype.open === 'function' &&","                    'browser';","            } catch (errorCaughtBrowser) {","                return module.exports &&","                    typeof process.versions.node === 'string' &&","                    typeof require('http').createServer === 'function' &&","                    'node';","            }","        }());","        // init global","        local.global = local.modeJs === 'browser'","            ? window","            : global;","        switch (local.modeJs) {","        // re-init local from window.local","        case 'browser':","            local = local.global.utility2.objectSetDefault(","                local.global.utility2_rollup || local.global.local,","                local.global.utility2","            );","            break;","        // re-init local from example.js","        case 'node':","            local = (local.global.utility2_rollup || require('utility2'))","                .requireExampleJsFromReadme();","            break;","        }","        // export local","        local.global.local = local;","    }());","","","","    // run shared js-env code - function","    (function () {","        return;","    }());","    switch (local.modeJs) {","","","","    // run browser js-env code - function","    case 'browser':","        break;","","","","    // run node js-env code - function","    case 'node':","        break;","    }","","","","    // run shared js-env code - post-init","    (function () {","        return;","    }());","    switch (local.modeJs) {","","","","    // run browser js-env code - post-init","    case 'browser':","        local.testCase_browser_nullCase = local.testCase_browser_nullCase || function (","            options,","            onError","        ) {","        /*","         * this function will test browsers's null-case handling-behavior-behavior","         */","            onError(null, options);","        };","","        // run tests","        local.nop(local.modeTest &&","            document.querySelector('#testRunButton1') &&","            document.querySelector('#testRunButton1').click());","        break;","","","","    // run node js-env code - post-init","    /* istanbul ignore next */","    case 'node':","        local.testCase_buildApidoc_default = local.testCase_buildApidoc_default || function (","            options,","            onError","        ) {","        /*","         * this function will test buildApidoc's default handling-behavior-behavior","         */","            options = { modulePathList: module.paths };","            local.buildApidoc(options, onError);","        };","","        local.testCase_buildApp_default = local.testCase_buildApp_default || function (","            options,","            onError","        ) {","        /*","         * this function will test buildApp's default handling-behavior-behavior","         */","            local.testCase_buildReadme_default(options, local.onErrorThrow);","            local.testCase_buildLib_default(options, local.onErrorThrow);","            local.testCase_buildTest_default(options, local.onErrorThrow);","            local.testCase_buildCustomOrg_default(options, local.onErrorThrow);","            options = [];","            local.buildApp(options, onError);","        };","","        local.testCase_buildCustomOrg_default = local.testCase_buildCustomOrg_default ||","            function (options, onError) {","            /*","             * this function will test buildCustomOrg's default handling-behavior","             */","                options = {};","                local.buildCustomOrg(options, onError);","            };","","        local.testCase_buildLib_default = local.testCase_buildLib_default || function (","            options,","            onError","        ) {","        /*","         * this function will test buildLib's default handling-behavior","         */","            options = {};","            local.buildLib(options, onError);","        };","","        local.testCase_buildReadme_default = local.testCase_buildReadme_default || function (","            options,","            onError","        ) {","        /*","         * this function will test buildReadme's default handling-behavior-behavior","         */","            options = {};","            local.buildReadme(options, onError);","        };","","        local.testCase_buildTest_default = local.testCase_buildTest_default || function (","            options,","            onError","        ) {","        /*","         * this function will test buildTest's default handling-behavior","         */","            options = {};","            local.buildTest(options, onError);","        };","","        local.testCase_webpage_default = local.testCase_webpage_default || function (","            options,","            onError","        ) {","        /*","         * this function will test webpage's default handling-behavior","         */","            options = { modeCoverageMerge: true, url: local.serverLocalHost + '?modeTest=1' };","            local.browserTest(options, onError);","        };","","        // run test-server","        local.testRunServer(local);","        break;","    }","}());",""],"l":{"12":2,"14":2,"19":2,"21":2,"23":2,"24":2,"25":2,"30":1,"37":2,"40":2,"43":1,"47":1,"50":1,"52":1,"55":2,"61":2,"62":2,"64":2,"70":1,"76":1,"82":2,"83":2,"85":2,"91":1,"98":1,"102":1,"105":1,"112":1,"119":1,"120":1,"123":1,"130":1,"131":1,"132":1,"133":1,"134":1,"135":1,"138":1,"143":2,"144":2,"147":1,"154":2,"155":2,"158":1,"165":2,"166":2,"169":1,"176":2,"177":2,"180":1,"187":1,"188":1,"192":1,"193":1}},"/home/travis/build/npmtest/node-npmtest-node-read/lib.npmtest_node_read.js":{"path":"/home/travis/build/npmtest/node-npmtest-node-read/lib.npmtest_node_read.js","s":{"1":2,"2":2,"3":2,"4":2,"5":2,"6":2,"7":2,"8":1,"9":2,"10":2,"11":2,"12":2,"13":1,"14":1,"15":1,"16":1},"b":{"1":[2,1,1,1],"2":[1,1,1,1],"3":[1,1],"4":[2,2],"5":[1,1]},"f":{"1":2,"2":2,"3":2},"fnMap":{"1":{"name":"(anonymous_1)","line":12,"loc":{"start":{"line":12,"column":1},"end":{"line":12,"column":13}}},"2":{"name":"(anonymous_2)","line":19,"loc":{"start":{"line":19,"column":5},"end":{"line":19,"column":17}}},"3":{"name":"(anonymous_3)","line":23,"loc":{"start":{"line":23,"column":24},"end":{"line":23,"column":36}}}},"statementMap":{"1":{"start":{"line":12,"column":0},"end":{"line":53,"column":5}},"2":{"start":{"line":14,"column":4},"end":{"line":14,"column":14}},"3":{"start":{"line":19,"column":4},"end":{"line":52,"column":9}},"4":{"start":{"line":21,"column":8},"end":{"line":21,"column":19}},"5":{"start":{"line":23,"column":8},"end":{"line":35,"column":13}},"6":{"start":{"line":24,"column":12},"end":{"line":34,"column":13}},"7":{"start":{"line":25,"column":16},"end":{"line":28,"column":30}},"8":{"start":{"line":30,"column":16},"end":{"line":33,"column":27}},"9":{"start":{"line":37,"column":8},"end":{"line":39,"column":21}},"10":{"start":{"line":41,"column":8},"end":{"line":41,"column":54}},"11":{"start":{"line":43,"column":8},"end":{"line":43,"column":54}},"12":{"start":{"line":45,"column":8},"end":{"line":51,"column":9}},"13":{"start":{"line":46,"column":12},"end":{"line":46,"column":60}},"14":{"start":{"line":48,"column":12},"end":{"line":48,"column":35}},"15":{"start":{"line":49,"column":12},"end":{"line":49,"column":49}},"16":{"start":{"line":50,"column":12},"end":{"line":50,"column":43}}},"branchMap":{"1":{"line":25,"type":"binary-expr","locations":[{"start":{"line":25,"column":23},"end":{"line":25,"column":62}},{"start":{"line":26,"column":20},"end":{"line":26,"column":70}},{"start":{"line":27,"column":20},"end":{"line":27,"column":71}},{"start":{"line":28,"column":20},"end":{"line":28,"column":29}}]},"2":{"line":30,"type":"binary-expr","locations":[{"start":{"line":30,"column":23},"end":{"line":30,"column":37}},{"start":{"line":31,"column":20},"end":{"line":31,"column":61}},{"start":{"line":32,"column":20},"end":{"line":32,"column":70}},{"start":{"line":33,"column":20},"end":{"line":33,"column":26}}]},"3":{"line":37,"type":"cond-expr","locations":[{"start":{"line":38,"column":14},"end":{"line":38,"column":20}},{"start":{"line":39,"column":14},"end":{"line":39,"column":20}}]},"4":{"line":41,"type":"binary-expr","locations":[{"start":{"line":41,"column":16},"end":{"line":41,"column":44}},{"start":{"line":41,"column":48},"end":{"line":41,"column":53}}]},"5":{"line":45,"type":"if","locations":[{"start":{"line":45,"column":8},"end":{"line":45,"column":8}},{"start":{"line":45,"column":8},"end":{"line":45,"column":8}}]}},"code":["/* istanbul instrument in package npmtest_node_read */","/*jslint","    bitwise: true,","    browser: true,","    maxerr: 8,","    maxlen: 96,","    node: true,","    nomen: true,","    regexp: true,","    stupid: true","*/","(function () {","    'use strict';","    var local;","","","","    // run shared js-env code - pre-init","    (function () {","        // init local","        local = {};","        // init modeJs","        local.modeJs = (function () {","            try {","                return typeof navigator.userAgent === 'string' &&","                    typeof document.querySelector('body') === 'object' &&","                    typeof XMLHttpRequest.prototype.open === 'function' &&","                    'browser';","            } catch (errorCaughtBrowser) {","                return module.exports &&","                    typeof process.versions.node === 'string' &&","                    typeof require('http').createServer === 'function' &&","                    'node';","            }","        }());","        // init global","        local.global = local.modeJs === 'browser'","            ? window","            : global;","        // init utility2_rollup","        local = local.global.utility2_rollup || local;","        // init lib","        local.local = local.npmtest_node_read = local;","        // init exports","        if (local.modeJs === 'browser') {","            local.global.utility2_npmtest_node_read = local;","        } else {","            module.exports = local;","            module.exports.__dirname = __dirname;","            module.exports.module = module;","        }","    }());","}());",""],"l":{"12":2,"14":2,"19":2,"21":2,"23":2,"24":2,"25":2,"30":1,"37":2,"41":2,"43":2,"45":2,"46":1,"48":1,"49":1,"50":1}},"/home/travis/build/npmtest/node-npmtest-node-read/example.js":{"path":"/home/travis/build/npmtest/node-npmtest-node-read/example.js","s":{"1":2,"2":2,"3":2,"4":2,"5":2,"6":2,"7":2,"8":1,"9":2,"10":2,"11":2,"12":2,"13":1,"14":2,"15":2,"16":2,"17":2,"18":2,"19":0,"20":2,"21":1,"22":1,"23":1,"24":1,"25":1,"26":0,"27":0,"28":1,"29":1,"30":2,"31":0,"32":0,"33":0,"34":1,"35":2,"36":2,"37":3,"38":3,"39":3,"40":3,"41":0,"42":3,"43":3,"44":3,"45":1,"46":3,"47":1,"48":1,"49":1,"50":1,"51":1,"52":1,"53":1,"54":1,"55":1,"56":1,"57":0,"58":1,"59":6,"60":6,"61":1,"62":2,"63":0,"64":2,"65":1,"66":1,"67":0,"68":0,"69":0,"70":0,"71":0,"72":0,"73":0,"74":0,"75":0,"76":0,"77":0,"78":0,"79":0,"80":0,"81":0,"82":0,"83":0},"b":{"1":[2,1,1,1],"2":[1,1,1,1],"3":[1,1],"4":[2,2],"5":[1,1],"6":[1,1],"7":[2,0],"8":[2,1,1,1,1,1],"9":[0,2,0],"10":[1,1],"11":[2,1,1],"12":[1,0],"13":[0,2],"14":[2,0,0,0,0,0,0],"15":[0,3],"16":[3,0],"17":[1,1],"18":[0,1],"19":[1,2,0,2],"20":[1,0],"21":[1,1],"22":[0,0],"23":[0,0],"24":[0,0],"25":[0,0],"26":[0,0],"27":[0,0],"28":[0,0]},"f":{"1":2,"2":2,"3":2,"4":2,"5":2,"6":2,"7":3,"8":3,"9":3,"10":1,"11":6,"12":0},"fnMap":{"1":{"name":"(anonymous_1)","line":26,"loc":{"start":{"line":26,"column":1},"end":{"line":26,"column":13}}},"2":{"name":"(anonymous_2)","line":33,"loc":{"start":{"line":33,"column":5},"end":{"line":33,"column":17}}},"3":{"name":"(anonymous_3)","line":37,"loc":{"start":{"line":37,"column":24},"end":{"line":37,"column":36}}},"4":{"name":"(anonymous_4)","line":69,"loc":{"start":{"line":69,"column":31},"end":{"line":69,"column":48}},"skip":true},"5":{"name":"(anonymous_5)","line":78,"loc":{"start":{"line":78,"column":26},"end":{"line":78,"column":45}},"skip":true},"6":{"name":"(anonymous_6)","line":123,"loc":{"start":{"line":123,"column":33},"end":{"line":123,"column":48}},"skip":true},"7":{"name":"(anonymous_7)","line":125,"loc":{"start":{"line":125,"column":27},"end":{"line":125,"column":39}},"skip":true},"8":{"name":"(anonymous_8)","line":133,"loc":{"start":{"line":133,"column":59},"end":{"line":133,"column":74}},"skip":true},"9":{"name":"(anonymous_9)","line":143,"loc":{"start":{"line":143,"column":45},"end":{"line":143,"column":62}},"skip":true},"10":{"name":"(anonymous_10)","line":144,"loc":{"start":{"line":144,"column":73},"end":{"line":144,"column":92}},"skip":true},"11":{"name":"(anonymous_11)","line":272,"loc":{"start":{"line":272,"column":51},"end":{"line":272,"column":77}},"skip":true},"12":{"name":"(anonymous_12)","line":315,"loc":{"start":{"line":315,"column":32},"end":{"line":315,"column":61}},"skip":true}},"statementMap":{"1":{"start":{"line":26,"column":0},"end":{"line":326,"column":5}},"2":{"start":{"line":28,"column":4},"end":{"line":28,"column":14}},"3":{"start":{"line":33,"column":4},"end":{"line":60,"column":9}},"4":{"start":{"line":35,"column":8},"end":{"line":35,"column":19}},"5":{"start":{"line":37,"column":8},"end":{"line":49,"column":13}},"6":{"start":{"line":38,"column":12},"end":{"line":48,"column":13}},"7":{"start":{"line":39,"column":16},"end":{"line":42,"column":30}},"8":{"start":{"line":44,"column":16},"end":{"line":47,"column":27}},"9":{"start":{"line":51,"column":8},"end":{"line":53,"column":21}},"10":{"start":{"line":55,"column":8},"end":{"line":57,"column":45}},"11":{"start":{"line":59,"column":8},"end":{"line":59,"column":35}},"12":{"start":{"line":61,"column":4},"end":{"line":325,"column":5}},"13":{"start":{"line":69,"column":8},"end":{"line":121,"column":10},"skip":true},"14":{"start":{"line":70,"column":12},"end":{"line":88,"column":13},"skip":true},"15":{"start":{"line":76,"column":16},"end":{"line":87,"column":19},"skip":true},"16":{"start":{"line":79,"column":20},"end":{"line":86,"column":21},"skip":true},"17":{"start":{"line":82,"column":24},"end":{"line":82,"column":43},"skip":true},"18":{"start":{"line":83,"column":24},"end":{"line":83,"column":30},"skip":true},"19":{"start":{"line":85,"column":24},"end":{"line":85,"column":49},"skip":true},"20":{"start":{"line":89,"column":12},"end":{"line":107,"column":13},"skip":true},"21":{"start":{"line":92,"column":16},"end":{"line":102,"column":17},"skip":true},"22":{"start":{"line":93,"column":20},"end":{"line":93,"column":86},"skip":true},"23":{"start":{"line":94,"column":20},"end":{"line":95,"column":45},"skip":true},"24":{"start":{"line":96,"column":20},"end":{"line":96,"column":42},"skip":true},"25":{"start":{"line":97,"column":20},"end":{"line":97,"column":48},"skip":true},"26":{"start":{"line":100,"column":20},"end":{"line":100,"column":85},"skip":true},"27":{"start":{"line":101,"column":20},"end":{"line":101,"column":96},"skip":true},"28":{"start":{"line":103,"column":16},"end":{"line":103,"column":22},"skip":true},"29":{"start":{"line":106,"column":16},"end":{"line":106,"column":22},"skip":true},"30":{"start":{"line":108,"column":12},"end":{"line":120,"column":13},"skip":true},"31":{"start":{"line":114,"column":16},"end":{"line":119,"column":17},"skip":true},"32":{"start":{"line":116,"column":20},"end":{"line":116,"column":78},"skip":true},"33":{"start":{"line":118,"column":20},"end":{"line":118,"column":47},"skip":true},"34":{"start":{"line":123,"column":8},"end":{"line":141,"column":11},"skip":true},"35":{"start":{"line":124,"column":12},"end":{"line":124,"column":54},"skip":true},"36":{"start":{"line":125,"column":12},"end":{"line":140,"column":14},"skip":true},"37":{"start":{"line":126,"column":16},"end":{"line":126,"column":28},"skip":true},"38":{"start":{"line":127,"column":16},"end":{"line":127,"column":69},"skip":true},"39":{"start":{"line":128,"column":16},"end":{"line":128,"column":75},"skip":true},"40":{"start":{"line":129,"column":16},"end":{"line":131,"column":17},"skip":true},"41":{"start":{"line":130,"column":20},"end":{"line":130,"column":27},"skip":true},"42":{"start":{"line":133,"column":16},"end":{"line":137,"column":36},"skip":true},"43":{"start":{"line":134,"column":20},"end":{"line":136,"column":55},"skip":true},"44":{"start":{"line":139,"column":16},"end":{"line":139,"column":57},"skip":true},"45":{"start":{"line":143,"column":8},"end":{"line":147,"column":11},"skip":true},"46":{"start":{"line":144,"column":12},"end":{"line":146,"column":15},"skip":true},"47":{"start":{"line":145,"column":16},"end":{"line":145,"column":70},"skip":true},"48":{"start":{"line":149,"column":8},"end":{"line":149,"column":31},"skip":true},"49":{"start":{"line":150,"column":8},"end":{"line":150,"column":14},"skip":true},"50":{"start":{"line":158,"column":8},"end":{"line":158,"column":31},"skip":true},"51":{"start":{"line":160,"column":8},"end":{"line":160,"column":33},"skip":true},"52":{"start":{"line":161,"column":8},"end":{"line":161,"column":37},"skip":true},"53":{"start":{"line":162,"column":8},"end":{"line":162,"column":35},"skip":true},"54":{"start":{"line":164,"column":8},"end":{"line":164,"column":50},"skip":true},"55":{"start":{"line":166,"column":8},"end":{"line":256,"column":2},"skip":true},"56":{"start":{"line":258,"column":8},"end":{"line":286,"column":9},"skip":true},"57":{"start":{"line":259,"column":12},"end":{"line":269,"column":14},"skip":true},"58":{"start":{"line":271,"column":12},"end":{"line":285,"column":19},"skip":true},"59":{"start":{"line":274,"column":20},"end":{"line":274,"column":35},"skip":true},"60":{"start":{"line":275,"column":20},"end":{"line":284,"column":21},"skip":true},"61":{"start":{"line":277,"column":24},"end":{"line":277,"column":64},"skip":true},"62":{"start":{"line":279,"column":24},"end":{"line":279,"column":40},"skip":true},"63":{"start":{"line":281,"column":24},"end":{"line":281,"column":40},"skip":true},"64":{"start":{"line":283,"column":24},"end":{"line":283,"column":39},"skip":true},"65":{"start":{"line":288,"column":8},"end":{"line":290,"column":9},"skip":true},"66":{"start":{"line":289,"column":12},"end":{"line":289,"column":18},"skip":true},"67":{"start":{"line":291,"column":8},"end":{"line":293,"column":54},"skip":true},"68":{"start":{"line":296,"column":8},"end":{"line":301,"column":37},"skip":true},"69":{"start":{"line":303,"column":8},"end":{"line":303,"column":82},"skip":true},"70":{"start":{"line":306,"column":8},"end":{"line":308,"column":9},"skip":true},"71":{"start":{"line":307,"column":12},"end":{"line":307,"column":82},"skip":true},"72":{"start":{"line":310,"column":8},"end":{"line":312,"column":9},"skip":true},"73":{"start":{"line":311,"column":12},"end":{"line":311,"column":18},"skip":true},"74":{"start":{"line":313,"column":8},"end":{"line":313,"column":54},"skip":true},"75":{"start":{"line":314,"column":8},"end":{"line":314,"column":69},"skip":true},"76":{"start":{"line":315,"column":8},"end":{"line":323,"column":36},"skip":true},"77":{"start":{"line":316,"column":12},"end":{"line":316,"column":61},"skip":true},"78":{"start":{"line":317,"column":12},"end":{"line":320,"column":13},"skip":true},"79":{"start":{"line":318,"column":16},"end":{"line":318,"column":75},"skip":true},"80":{"start":{"line":319,"column":16},"end":{"line":319,"column":23},"skip":true},"81":{"start":{"line":321,"column":12},"end":{"line":321,"column":38},"skip":true},"82":{"start":{"line":322,"column":12},"end":{"line":322,"column":27},"skip":true},"83":{"start":{"line":324,"column":8},"end":{"line":324,"column":14},"skip":true}},"branchMap":{"1":{"line":39,"type":"binary-expr","locations":[{"start":{"line":39,"column":23},"end":{"line":39,"column":62}},{"start":{"line":40,"column":20},"end":{"line":40,"column":70}},{"start":{"line":41,"column":20},"end":{"line":41,"column":71}},{"start":{"line":42,"column":20},"end":{"line":42,"column":29}}]},"2":{"line":44,"type":"binary-expr","locations":[{"start":{"line":44,"column":23},"end":{"line":44,"column":37}},{"start":{"line":45,"column":20},"end":{"line":45,"column":61}},{"start":{"line":46,"column":20},"end":{"line":46,"column":70}},{"start":{"line":47,"column":20},"end":{"line":47,"column":26}}]},"3":{"line":51,"type":"cond-expr","locations":[{"start":{"line":52,"column":14},"end":{"line":52,"column":20}},{"start":{"line":53,"column":14},"end":{"line":53,"column":20}}]},"4":{"line":55,"type":"binary-expr","locations":[{"start":{"line":55,"column":16},"end":{"line":55,"column":44}},{"start":{"line":55,"column":49},"end":{"line":57,"column":43}}]},"5":{"line":55,"type":"cond-expr","locations":[{"start":{"line":56,"column":14},"end":{"line":56,"column":53}},{"start":{"line":57,"column":14},"end":{"line":57,"column":43}}]},"6":{"line":61,"type":"switch","locations":[{"start":{"line":68,"column":4},"end":{"line":150,"column":14},"skip":true},{"start":{"line":156,"column":4},"end":{"line":324,"column":14},"skip":true}]},"7":{"line":70,"type":"if","locations":[{"start":{"line":70,"column":12},"end":{"line":70,"column":12},"skip":true},{"start":{"line":70,"column":12},"end":{"line":70,"column":12},"skip":true}]},"8":{"line":70,"type":"binary-expr","locations":[{"start":{"line":70,"column":16},"end":{"line":70,"column":22},"skip":true},{"start":{"line":70,"column":27},"end":{"line":70,"column":32},"skip":true},{"start":{"line":71,"column":20},"end":{"line":71,"column":39},"skip":true},{"start":{"line":72,"column":20},"end":{"line":72,"column":49},"skip":true},{"start":{"line":73,"column":20},"end":{"line":73,"column":58},"skip":true},{"start":{"line":74,"column":20},"end":{"line":74,"column":69},"skip":true}]},"9":{"line":79,"type":"switch","locations":[{"start":{"line":80,"column":20},"end":{"line":80,"column":33},"skip":true},{"start":{"line":81,"column":20},"end":{"line":83,"column":30},"skip":true},{"start":{"line":84,"column":20},"end":{"line":85,"column":49},"skip":true}]},"10":{"line":89,"type":"switch","locations":[{"start":{"line":90,"column":12},"end":{"line":103,"column":22},"skip":true},{"start":{"line":105,"column":12},"end":{"line":106,"column":22},"skip":true}]},"11":{"line":89,"type":"binary-expr","locations":[{"start":{"line":89,"column":20},"end":{"line":89,"column":25},"skip":true},{"start":{"line":89,"column":29},"end":{"line":89,"column":48},"skip":true},{"start":{"line":89,"column":52},"end":{"line":89,"column":74},"skip":true}]},"12":{"line":92,"type":"if","locations":[{"start":{"line":92,"column":16},"end":{"line":92,"column":16},"skip":true},{"start":{"line":92,"column":16},"end":{"line":92,"column":16},"skip":true}]},"13":{"line":108,"type":"if","locations":[{"start":{"line":108,"column":12},"end":{"line":108,"column":12},"skip":true},{"start":{"line":108,"column":12},"end":{"line":108,"column":12},"skip":true}]},"14":{"line":108,"type":"binary-expr","locations":[{"start":{"line":108,"column":16},"end":{"line":108,"column":61},"skip":true},{"start":{"line":108,"column":66},"end":{"line":108,"column":72},"skip":true},{"start":{"line":108,"column":77},"end":{"line":108,"column":82},"skip":true},{"start":{"line":109,"column":20},"end":{"line":109,"column":39},"skip":true},{"start":{"line":110,"column":20},"end":{"line":110,"column":49},"skip":true},{"start":{"line":111,"column":20},"end":{"line":111,"column":58},"skip":true},{"start":{"line":112,"column":20},"end":{"line":112,"column":68},"skip":true}]},"15":{"line":129,"type":"if","locations":[{"start":{"line":129,"column":16},"end":{"line":129,"column":16},"skip":true},{"start":{"line":129,"column":16},"end":{"line":129,"column":16},"skip":true}]},"16":{"line":134,"type":"cond-expr","locations":[{"start":{"line":135,"column":26},"end":{"line":135,"column":29},"skip":true},{"start":{"line":136,"column":26},"end":{"line":136,"column":54},"skip":true}]},"17":{"line":164,"type":"binary-expr","locations":[{"start":{"line":164,"column":27},"end":{"line":164,"column":43},"skip":true},{"start":{"line":164,"column":47},"end":{"line":164,"column":49},"skip":true}]},"18":{"line":258,"type":"if","locations":[{"start":{"line":258,"column":8},"end":{"line":258,"column":8},"skip":true},{"start":{"line":258,"column":8},"end":{"line":258,"column":8},"skip":true}]},"19":{"line":275,"type":"switch","locations":[{"start":{"line":276,"column":20},"end":{"line":277,"column":64},"skip":true},{"start":{"line":278,"column":20},"end":{"line":279,"column":40},"skip":true},{"start":{"line":280,"column":20},"end":{"line":281,"column":40},"skip":true},{"start":{"line":282,"column":20},"end":{"line":283,"column":39},"skip":true}]},"20":{"line":288,"type":"if","locations":[{"start":{"line":288,"column":8},"end":{"line":288,"column":8},"skip":true},{"start":{"line":288,"column":8},"end":{"line":288,"column":8},"skip":true}]},"21":{"line":288,"type":"binary-expr","locations":[{"start":{"line":288,"column":12},"end":{"line":288,"column":40},"skip":true},{"start":{"line":288,"column":44},"end":{"line":288,"column":67},"skip":true}]},"22":{"line":292,"type":"binary-expr","locations":[{"start":{"line":292,"column":12},"end":{"line":292,"column":50},"skip":true},{"start":{"line":293,"column":12},"end":{"line":293,"column":53},"skip":true}]},"23":{"line":297,"type":"binary-expr","locations":[{"start":{"line":297,"column":12},"end":{"line":297,"column":67},"skip":true},{"start":{"line":298,"column":12},"end":{"line":301,"column":36},"skip":true}]},"24":{"line":303,"type":"binary-expr","locations":[{"start":{"line":303,"column":43},"end":{"line":303,"column":75},"skip":true},{"start":{"line":303,"column":79},"end":{"line":303,"column":81},"skip":true}]},"25":{"line":306,"type":"if","locations":[{"start":{"line":306,"column":8},"end":{"line":306,"column":8},"skip":true},{"start":{"line":306,"column":8},"end":{"line":306,"column":8},"skip":true}]},"26":{"line":310,"type":"if","locations":[{"start":{"line":310,"column":8},"end":{"line":310,"column":8},"skip":true},{"start":{"line":310,"column":8},"end":{"line":310,"column":8},"skip":true}]},"27":{"line":313,"type":"binary-expr","locations":[{"start":{"line":313,"column":27},"end":{"line":313,"column":43},"skip":true},{"start":{"line":313,"column":47},"end":{"line":313,"column":53},"skip":true}]},"28":{"line":317,"type":"if","locations":[{"start":{"line":317,"column":12},"end":{"line":317,"column":12},"skip":true},{"start":{"line":317,"column":12},"end":{"line":317,"column":12},"skip":true}]}},"code":["/*","example.js","","quickstart example","","instruction","    1. save this script as example.js","    2. run the shell command:","        $ npm install npmtest-node-read && PORT=8081 node example.js","    3. play with the browser-demo on http://127.0.0.1:8081","*/","","","","/* istanbul instrument in package npmtest_node_read */","/*jslint","    bitwise: true,","    browser: true,","    maxerr: 8,","    maxlen: 96,","    node: true,","    nomen: true,","    regexp: true,","    stupid: true","*/","(function () {","    'use strict';","    var local;","","","","    // run shared js-env code - pre-init","    (function () {","        // init local","        local = {};","        // init modeJs","        local.modeJs = (function () {","            try {","                return typeof navigator.userAgent === 'string' &&","                    typeof document.querySelector('body') === 'object' &&","                    typeof XMLHttpRequest.prototype.open === 'function' &&","                    'browser';","            } catch (errorCaughtBrowser) {","                return module.exports &&","                    typeof process.versions.node === 'string' &&","                    typeof require('http').createServer === 'function' &&","                    'node';","            }","        }());","        // init global","        local.global = local.modeJs === 'browser'","            ? window","            : global;","        // init utility2_rollup","        local = local.global.utility2_rollup || (local.modeJs === 'browser'","            ? local.global.utility2_npmtest_node_read","            : global.utility2_moduleExports);","        // export local","        local.global.local = local;","    }());","    switch (local.modeJs) {","","","","    // post-init","    // run browser js-env code - post-init","    /* istanbul ignore next */","    case 'browser':","        local.testRunBrowser = function (event) {","            if (!event || (event &&","                    event.currentTarget &&","                    event.currentTarget.className &&","                    event.currentTarget.className.includes &&","                    event.currentTarget.className.includes('onreset'))) {","                // reset output","                Array.from(","                    document.querySelectorAll('body > .resettable')","                ).forEach(function (element) {","                    switch (element.tagName) {","                    case 'INPUT':","                    case 'TEXTAREA':","                        element.value = '';","                        break;","                    default:","                        element.textContent = '';","                    }","                });","            }","            switch (event && event.currentTarget && event.currentTarget.id) {","            case 'testRunButton1':","                // show tests","                if (document.querySelector('#testReportDiv1').style.display === 'none') {","                    document.querySelector('#testReportDiv1').style.display = 'block';","                    document.querySelector('#testRunButton1').textContent =","                        'hide internal test';","                    local.modeTest = true;","                    local.testRunDefault(local);","                // hide tests","                } else {","                    document.querySelector('#testReportDiv1').style.display = 'none';","                    document.querySelector('#testRunButton1').textContent = 'run internal test';","                }","                break;","            // custom-case","            default:","                break;","            }","            if (document.querySelector('#inputTextareaEval1') && (!event || (event &&","                    event.currentTarget &&","                    event.currentTarget.className &&","                    event.currentTarget.className.includes &&","                    event.currentTarget.className.includes('oneval')))) {","                // try to eval input-code","                try {","                    /*jslint evil: true*/","                    eval(document.querySelector('#inputTextareaEval1').value);","                } catch (errorCaught) {","                    console.error(errorCaught);","                }","            }","        };","        // log stderr and stdout to #outputTextareaStdout1","        ['error', 'log'].forEach(function (key) {","            console[key + '_original'] = console[key];","            console[key] = function () {","                var element;","                console[key + '_original'].apply(console, arguments);","                element = document.querySelector('#outputTextareaStdout1');","                if (!element) {","                    return;","                }","                // append text to #outputTextareaStdout1","                element.value += Array.from(arguments).map(function (arg) {","                    return typeof arg === 'string'","                        ? arg","                        : JSON.stringify(arg, null, 4);","                }).join(' ') + '\\n';","                // scroll textarea to bottom","                element.scrollTop = element.scrollHeight;","            };","        });","        // init event-handling","        ['change', 'click', 'keyup'].forEach(function (event) {","            Array.from(document.querySelectorAll('.on' + event)).forEach(function (element) {","                element.addEventListener(event, local.testRunBrowser);","            });","        });","        // run tests","        local.testRunBrowser();","        break;","","","","    // run node js-env code - post-init","    /* istanbul ignore next */","    case 'node':","        // export local","        module.exports = local;","        // require modules","        local.fs = require('fs');","        local.http = require('http');","        local.url = require('url');","        // init assets","        local.assetsDict = local.assetsDict || {};","        /* jslint-ignore-begin */","        local.assetsDict['/assets.index.template.html'] = '\\","<!doctype html>\\n\\","<html lang=\"en\">\\n\\","<head>\\n\\","<meta charset=\"UTF-8\">\\n\\","<meta name=\"viewport\" content=\"width=device-width, initial-scale=1\">\\n\\","<title>{{env.npm_package_name}} (v{{env.npm_package_version}})</title>\\n\\","<style>\\n\\","/*csslint\\n\\","    box-sizing: false,\\n\\","    universal-selector: false\\n\\","*/\\n\\","* {\\n\\","    box-sizing: border-box;\\n\\","}\\n\\","body {\\n\\","    background: #dde;\\n\\","    font-family: Arial, Helvetica, sans-serif;\\n\\","    margin: 2rem;\\n\\","}\\n\\","body > * {\\n\\","    margin-bottom: 1rem;\\n\\","}\\n\\",".utility2FooterDiv {\\n\\","    margin-top: 20px;\\n\\","    text-align: center;\\n\\","}\\n\\","</style>\\n\\","<style>\\n\\","/*csslint\\n\\","*/\\n\\","textarea {\\n\\","    font-family: monospace;\\n\\","    height: 10rem;\\n\\","    width: 100%;\\n\\","}\\n\\","textarea[readonly] {\\n\\","    background: #ddd;\\n\\","}\\n\\","</style>\\n\\","</head>\\n\\","<body>\\n\\","<!-- utility2-comment\\n\\","<div id=\"ajaxProgressDiv1\" style=\"background: #d00; height: 2px; left: 0; margin: 0; padding: 0; position: fixed; top: 0; transition: background 0.5s, width 1.5s; width: 25%;\"></div>\\n\\","utility2-comment -->\\n\\","<h1>\\n\\","<!-- utility2-comment\\n\\","    <a\\n\\","        {{#if env.npm_package_homepage}}\\n\\","        href=\"{{env.npm_package_homepage}}\"\\n\\","        {{/if env.npm_package_homepage}}\\n\\","        target=\"_blank\"\\n\\","    >\\n\\","utility2-comment -->\\n\\","        {{env.npm_package_name}} (v{{env.npm_package_version}})\\n\\","<!-- utility2-comment\\n\\","    </a>\\n\\","utility2-comment -->\\n\\","</h1>\\n\\","<h3>{{env.npm_package_description}}</h3>\\n\\","<!-- utility2-comment\\n\\","<h4><a download href=\"assets.app.js\">download standalone app</a></h4>\\n\\","<button class=\"onclick onreset\" id=\"testRunButton1\">run internal test</button><br>\\n\\","<div id=\"testReportDiv1\" style=\"display: none;\"></div>\\n\\","utility2-comment -->\\n\\","\\n\\","\\n\\","\\n\\","<label>stderr and stdout</label>\\n\\","<textarea class=\"resettable\" id=\"outputTextareaStdout1\" readonly></textarea>\\n\\","<!-- utility2-comment\\n\\","{{#if isRollup}}\\n\\","<script src=\"assets.app.js\"></script>\\n\\","{{#unless isRollup}}\\n\\","utility2-comment -->\\n\\","<script src=\"assets.utility2.rollup.js\"></script>\\n\\","<script src=\"jsonp.utility2._stateInit?callback=window.utility2._stateInit\"></script>\\n\\","<script src=\"assets.npmtest_node_read.rollup.js\"></script>\\n\\","<script src=\"assets.example.js\"></script>\\n\\","<script src=\"assets.test.js\"></script>\\n\\","<!-- utility2-comment\\n\\","{{/if isRollup}}\\n\\","utility2-comment -->\\n\\","<div class=\"utility2FooterDiv\">\\n\\","    [ this app was created with\\n\\","    <a href=\"https://github.com/kaizhu256/node-utility2\" target=\"_blank\">utility2</a>\\n\\","    ]\\n\\","</div>\\n\\","</body>\\n\\","</html>\\n\\","';","        /* jslint-ignore-end */","        if (local.templateRender) {","            local.assetsDict['/'] = local.templateRender(","                local.assetsDict['/assets.index.template.html'],","                {","                    env: local.objectSetDefault(local.env, {","                        npm_package_description: 'the greatest app in the world!',","                        npm_package_name: 'my-app',","                        npm_package_nameAlias: 'my_app',","                        npm_package_version: '0.0.1'","                    })","                }","            );","        } else {","            local.assetsDict['/'] = local.assetsDict['/assets.index.template.html']","                .replace((/\\{\\{env\\.(\\w+?)\\}\\}/g), function (match0, match1) {","                    // jslint-hack","                    String(match0);","                    switch (match1) {","                    case 'npm_package_description':","                        return 'the greatest app in the world!';","                    case 'npm_package_name':","                        return 'my-app';","                    case 'npm_package_nameAlias':","                        return 'my_app';","                    case 'npm_package_version':","                        return '0.0.1';","                    }","                });","        }","        // run the cli","        if (local.global.utility2_rollup || module !== require.main) {","            break;","        }","        local.assetsDict['/assets.example.js'] =","            local.assetsDict['/assets.example.js'] ||","            local.fs.readFileSync(__filename, 'utf8');","        // bug-workaround - long $npm_package_buildCustomOrg","        /* jslint-ignore-begin */","        local.assetsDict['/assets.npmtest_node_read.rollup.js'] =","            local.assetsDict['/assets.npmtest_node_read.rollup.js'] ||","            local.fs.readFileSync(","                local.npmtest_node_read.__dirname + '/lib.npmtest_node_read.js',","                'utf8'","            ).replace((/^#!/), '//');","        /* jslint-ignore-end */","        local.assetsDict['/favicon.ico'] = local.assetsDict['/favicon.ico'] || '';","        // if $npm_config_timeout_exit exists,","        // then exit this process after $npm_config_timeout_exit ms","        if (Number(process.env.npm_config_timeout_exit)) {","            setTimeout(process.exit, Number(process.env.npm_config_timeout_exit));","        }","        // start server","        if (local.global.utility2_serverHttp1) {","            break;","        }","        process.env.PORT = process.env.PORT || '8081';","        console.error('server starting on port ' + process.env.PORT);","        local.http.createServer(function (request, response) {","            request.urlParsed = local.url.parse(request.url);","            if (local.assetsDict[request.urlParsed.pathname] !== undefined) {","                response.end(local.assetsDict[request.urlParsed.pathname]);","                return;","            }","            response.statusCode = 404;","            response.end();","        }).listen(process.env.PORT);","        break;","    }","}());",""],"l":{"26":2,"28":2,"33":2,"35":2,"37":2,"38":2,"39":2,"44":1,"51":2,"55":2,"59":2,"61":2,"69":1,"70":2,"76":2,"79":2,"82":2,"83":2,"85":1,"89":2,"92":1,"93":1,"94":1,"96":1,"97":1,"100":1,"101":1,"103":1,"106":1,"108":2,"114":1,"116":1,"118":1,"123":1,"124":2,"125":2,"126":3,"127":3,"128":3,"129":3,"130":1,"133":3,"134":3,"139":3,"143":1,"144":3,"145":1,"149":1,"150":1,"158":1,"160":1,"161":1,"162":1,"164":1,"166":1,"258":1,"259":1,"271":1,"274":6,"275":6,"277":1,"279":2,"281":1,"283":2,"288":1,"289":1,"291":1,"296":1,"303":1,"306":1,"307":1,"310":1,"311":1,"313":1,"314":1,"315":1,"316":1,"317":1,"318":1,"319":1,"321":1,"322":1,"324":1}},"/home/travis/build/npmtest/node-npmtest-node-read/node_modules/node-read/index.js":{"path":"/home/travis/build/npmtest/node-npmtest-node-read/node_modules/node-read/index.js","s":{"1":1,"2":1,"3":1,"4":1,"5":1,"6":0,"7":0,"8":0,"9":0,"10":0,"11":0,"12":0,"13":0,"14":0,"15":0,"16":0,"17":0,"18":0,"19":0,"20":0,"21":0,"22":0,"23":1,"24":0,"25":0,"26":0,"27":0,"28":1,"29":0,"30":0,"31":0,"32":0,"33":0,"34":0,"35":0,"36":0,"37":0,"38":0,"39":0,"40":0,"41":0,"42":0,"43":0,"44":0,"45":0,"46":0,"47":1,"48":0,"49":1,"50":0,"51":1,"52":0,"53":0,"54":0,"55":0,"56":0,"57":0,"58":0,"59":0,"60":0,"61":1,"62":0,"63":0,"64":0,"65":0,"66":0,"67":0},"b":{"1":[0,0],"2":[0,0],"3":[0,0],"4":[0,0],"5":[0,0],"6":[0,0],"7":[0,0],"8":[0,0],"9":[0,0],"10":[0,0],"11":[0,0],"12":[0,0],"13":[0,0],"14":[0,0],"15":[0,0],"16":[0,0]},"f":{"1":0,"2":0,"3":0,"4":0,"5":0,"6":0,"7":0,"8":0,"9":0,"10":0,"11":0,"12":0,"13":0},"fnMap":{"1":{"name":"Article","line":6,"loc":{"start":{"line":6,"column":0},"end":{"line":6,"column":36}}},"2":{"name":"(anonymous_2)","line":19,"loc":{"start":{"line":19,"column":35},"end":{"line":19,"column":46}}},"3":{"name":"(anonymous_3)","line":22,"loc":{"start":{"line":22,"column":33},"end":{"line":22,"column":44}}},"4":{"name":"(anonymous_4)","line":25,"loc":{"start":{"line":25,"column":32},"end":{"line":25,"column":43}}},"5":{"name":"(anonymous_5)","line":28,"loc":{"start":{"line":28,"column":31},"end":{"line":28,"column":42}}},"6":{"name":"(anonymous_6)","line":33,"loc":{"start":{"line":33,"column":31},"end":{"line":33,"column":42}}},"7":{"name":"(anonymous_7)","line":44,"loc":{"start":{"line":44,"column":29},"end":{"line":44,"column":40}}},"8":{"name":"(anonymous_8)","line":62,"loc":{"start":{"line":62,"column":37},"end":{"line":62,"column":52}}},"9":{"name":"(anonymous_9)","line":77,"loc":{"start":{"line":77,"column":27},"end":{"line":77,"column":38}}},"10":{"name":"(anonymous_10)","line":81,"loc":{"start":{"line":81,"column":28},"end":{"line":81,"column":39}}},"11":{"name":"(anonymous_11)","line":85,"loc":{"start":{"line":85,"column":28},"end":{"line":85,"column":62}}},"12":{"name":"(anonymous_12)","line":95,"loc":{"start":{"line":95,"column":23},"end":{"line":95,"column":48}}},"13":{"name":"parseDOM","line":105,"loc":{"start":{"line":105,"column":2},"end":{"line":105,"column":31}}}},"statementMap":{"1":{"start":{"line":1,"column":0},"end":{"line":1,"column":38}},"2":{"start":{"line":2,"column":0},"end":{"line":2,"column":36}},"3":{"start":{"line":3,"column":0},"end":{"line":3,"column":25}},"4":{"start":{"line":4,"column":0},"end":{"line":4,"column":33}},"5":{"start":{"line":6,"column":0},"end":{"line":31,"column":1}},"6":{"start":{"line":7,"column":2},"end":{"line":7,"column":15}},"7":{"start":{"line":8,"column":2},"end":{"line":8,"column":25}},"8":{"start":{"line":9,"column":2},"end":{"line":9,"column":18}},"9":{"start":{"line":11,"column":2},"end":{"line":16,"column":3}},"10":{"start":{"line":12,"column":4},"end":{"line":12,"column":66}},"11":{"start":{"line":13,"column":4},"end":{"line":13,"column":64}},"12":{"start":{"line":13,"column":36},"end":{"line":13,"column":64}},"13":{"start":{"line":15,"column":4},"end":{"line":15,"column":22}},"14":{"start":{"line":18,"column":2},"end":{"line":18,"column":25}},"15":{"start":{"line":19,"column":2},"end":{"line":21,"column":5}},"16":{"start":{"line":20,"column":4},"end":{"line":20,"column":33}},"17":{"start":{"line":22,"column":2},"end":{"line":24,"column":5}},"18":{"start":{"line":23,"column":4},"end":{"line":23,"column":31}},"19":{"start":{"line":25,"column":2},"end":{"line":27,"column":5}},"20":{"start":{"line":26,"column":4},"end":{"line":26,"column":30}},"21":{"start":{"line":28,"column":2},"end":{"line":30,"column":5}},"22":{"start":{"line":29,"column":4},"end":{"line":29,"column":29}},"23":{"start":{"line":33,"column":0},"end":{"line":40,"column":1}},"24":{"start":{"line":34,"column":2},"end":{"line":36,"column":3}},"25":{"start":{"line":35,"column":4},"end":{"line":35,"column":41}},"26":{"start":{"line":37,"column":2},"end":{"line":37,"column":70}},"27":{"start":{"line":39,"column":2},"end":{"line":39,"column":49}},"28":{"start":{"line":44,"column":0},"end":{"line":75,"column":1}},"29":{"start":{"line":45,"column":2},"end":{"line":47,"column":3}},"30":{"start":{"line":46,"column":4},"end":{"line":46,"column":39}},"31":{"start":{"line":52,"column":2},"end":{"line":52,"column":65}},"32":{"start":{"line":53,"column":2},"end":{"line":55,"column":3}},"33":{"start":{"line":54,"column":4},"end":{"line":54,"column":78}},"34":{"start":{"line":57,"column":2},"end":{"line":57,"column":37}},"35":{"start":{"line":58,"column":2},"end":{"line":58,"column":18}},"36":{"start":{"line":59,"column":2},"end":{"line":59,"column":72}},"37":{"start":{"line":61,"column":2},"end":{"line":61,"column":18}},"38":{"start":{"line":62,"column":2},"end":{"line":68,"column":5}},"39":{"start":{"line":63,"column":4},"end":{"line":63,"column":37}},"40":{"start":{"line":64,"column":4},"end":{"line":67,"column":5}},"41":{"start":{"line":65,"column":6},"end":{"line":65,"column":66}},"42":{"start":{"line":65,"column":23},"end":{"line":65,"column":66}},"43":{"start":{"line":66,"column":6},"end":{"line":66,"column":39}},"44":{"start":{"line":70,"column":2},"end":{"line":72,"column":3}},"45":{"start":{"line":71,"column":4},"end":{"line":71,"column":53}},"46":{"start":{"line":74,"column":2},"end":{"line":74,"column":52}},"47":{"start":{"line":77,"column":0},"end":{"line":79,"column":1}},"48":{"start":{"line":78,"column":2},"end":{"line":78,"column":26}},"49":{"start":{"line":81,"column":0},"end":{"line":83,"column":1}},"50":{"start":{"line":82,"column":2},"end":{"line":82,"column":23}},"51":{"start":{"line":85,"column":0},"end":{"line":114,"column":1}},"52":{"start":{"line":86,"column":2},"end":{"line":92,"column":3}},"53":{"start":{"line":87,"column":4},"end":{"line":87,"column":23}},"54":{"start":{"line":88,"column":4},"end":{"line":91,"column":6}},"55":{"start":{"line":94,"column":2},"end":{"line":103,"column":3}},"56":{"start":{"line":95,"column":4},"end":{"line":100,"column":7}},"57":{"start":{"line":96,"column":6},"end":{"line":98,"column":7}},"58":{"start":{"line":97,"column":8},"end":{"line":97,"column":29}},"59":{"start":{"line":99,"column":6},"end":{"line":99,"column":49}},"60":{"start":{"line":102,"column":4},"end":{"line":102,"column":25}},"61":{"start":{"line":105,"column":2},"end":{"line":113,"column":3}},"62":{"start":{"line":106,"column":4},"end":{"line":106,"column":56}},"63":{"start":{"line":106,"column":15},"end":{"line":106,"column":56}},"64":{"start":{"line":107,"column":4},"end":{"line":110,"column":7}},"65":{"start":{"line":111,"column":4},"end":{"line":111,"column":82}},"66":{"start":{"line":111,"column":30},"end":{"line":111,"column":82}},"67":{"start":{"line":112,"column":4},"end":{"line":112,"column":61}}},"branchMap":{"1":{"line":11,"type":"if","locations":[{"start":{"line":11,"column":2},"end":{"line":11,"column":2}},{"start":{"line":11,"column":2},"end":{"line":11,"column":2}}]},"2":{"line":11,"type":"binary-expr","locations":[{"start":{"line":11,"column":6},"end":{"line":11,"column":9}},{"start":{"line":11,"column":13},"end":{"line":11,"column":38}}]},"3":{"line":13,"type":"if","locations":[{"start":{"line":13,"column":4},"end":{"line":13,"column":4}},{"start":{"line":13,"column":4},"end":{"line":13,"column":4}}]},"4":{"line":13,"type":"binary-expr","locations":[{"start":{"line":13,"column":8},"end":{"line":13,"column":16}},{"start":{"line":13,"column":20},"end":{"line":13,"column":34}}]},"5":{"line":34,"type":"if","locations":[{"start":{"line":34,"column":2},"end":{"line":34,"column":2}},{"start":{"line":34,"column":2},"end":{"line":34,"column":2}}]},"6":{"line":45,"type":"if","locations":[{"start":{"line":45,"column":2},"end":{"line":45,"column":2}},{"start":{"line":45,"column":2},"end":{"line":45,"column":2}}]},"7":{"line":53,"type":"if","locations":[{"start":{"line":53,"column":2},"end":{"line":53,"column":2}},{"start":{"line":53,"column":2},"end":{"line":53,"column":2}}]},"8":{"line":64,"type":"if","locations":[{"start":{"line":64,"column":4},"end":{"line":64,"column":4}},{"start":{"line":64,"column":4},"end":{"line":64,"column":4}}]},"9":{"line":65,"type":"if","locations":[{"start":{"line":65,"column":6},"end":{"line":65,"column":6}},{"start":{"line":65,"column":6},"end":{"line":65,"column":6}}]},"10":{"line":70,"type":"if","locations":[{"start":{"line":70,"column":2},"end":{"line":70,"column":2}},{"start":{"line":70,"column":2},"end":{"line":70,"column":2}}]},"11":{"line":70,"type":"binary-expr","locations":[{"start":{"line":70,"column":6},"end":{"line":70,"column":17}},{"start":{"line":70,"column":21},"end":{"line":70,"column":44}}]},"12":{"line":86,"type":"if","locations":[{"start":{"line":86,"column":2},"end":{"line":86,"column":2}},{"start":{"line":86,"column":2},"end":{"line":86,"column":2}}]},"13":{"line":94,"type":"if","locations":[{"start":{"line":94,"column":2},"end":{"line":94,"column":2}},{"start":{"line":94,"column":2},"end":{"line":94,"column":2}}]},"14":{"line":96,"type":"if","locations":[{"start":{"line":96,"column":6},"end":{"line":96,"column":6}},{"start":{"line":96,"column":6},"end":{"line":96,"column":6}}]},"15":{"line":106,"type":"if","locations":[{"start":{"line":106,"column":4},"end":{"line":106,"column":4}},{"start":{"line":106,"column":4},"end":{"line":106,"column":4}}]},"16":{"line":111,"type":"if","locations":[{"start":{"line":111,"column":4},"end":{"line":111,"column":4}},{"start":{"line":111,"column":4},"end":{"line":111,"column":4}}]}},"code":["var utils = require('./lib/utils.js');","var req = require('fetch').fetchUrl;","var url = require('url');","var cheerio = require('cheerio');","","function Article(dom, options, uri) {","  this.$ = dom; // Will be modified in-place after analyzing","  this.originalDOM = dom; // Save the original DOM if the user needs it","  this.cache = {};","","  if (uri && typeof uri != \"undefined\") {","    this.base = uri.protocol + \"//\" + uri.hostname + uri.pathname;","    if (uri.port && uri.port != 80) this.base += \":\" + uri.port;","  } else {","    this.base = false;","  }","","  this.options = options;","  this.__defineGetter__('content', function() {","    return this.getContent(true);","  });","  this.__defineGetter__('title', function() {","    return this.getTitle(true);","  });","  this.__defineGetter__('html', function() {","    return this.getHTML(true);","  });","  this.__defineGetter__('dom', function() {","    return this.getDOM(true);","  });","}","","Article.prototype.getContent = function() {","  if (typeof this.cache['article-content'] !== 'undefined') {","    return this.cache['article-content'];","  }","  var content = utils.extract(this.$, this.base, this.options).html();","","  return this.cache['article-content'] = content;","}","","// Better Article Title Extraction. ","// Author Zihua Li https://github.com/luin/node-readability","Article.prototype.getTitle = function() {","  if (typeof this.cache['article-title'] !== 'undefined') {","    return this.cache['article-title'];","  }","","  // Prefer to pull the title from one of the class names known to hold","  // the article title (Instapaper conventions and","  // https://www.readability.com/developers/guidelines#publisher).","  var preferredTitle = this.$('.entry-title, .instapaper_title');","  if (preferredTitle.length > 0) {","    return this.cache['article-title'] = preferredTitle.first().text().trim();","  }","","  var title = this.$('title').text();","  var betterTitle;","  var commonSeparatingCharacters = [' | ', ' _ ', ' - ', '«', '»', '—'];","","  var self = this;","  commonSeparatingCharacters.forEach(function(char) {","    var tmpArray = title.split(char);","    if (tmpArray.length > 1) {","      if (betterTitle) return self.cache['article-title'] = title;","      betterTitle = tmpArray[0].trim();","    }","  });","","  if (betterTitle && betterTitle.length > 10) {","    return this.cache['article-title'] = betterTitle;","  }","","  return this.cache['article-title'] = title.trim();","}","","Article.prototype.getDOM = function() {","  return this.originalDOM;","}","","Article.prototype.getHTML = function() {","  return this.$.html();","}","","var read = module.exports = function(html, options, callback) {","  if (typeof options === 'function') {","    callback = options;","    options = {","      considerDIVs: true,","      nodesToRemove: 'meta,iframe,noscript,style,aside,object,script'","    };","  }","","  if (!html.match(/^\\s*</)) {","    req(html, options, function(err, res, body) {","      if (err) {","        return callback(err);","      }","      parseDOM(body.toString(), url.parse(html));","    });","  } else {","    parseDOM(html, null);","  }","","  function parseDOM(html, url) {","    if (!html) return callback(new Error('Empty html'));","    var $ = cheerio.load(html, {","      normalizeWhitespace: true,","      decodeEntities: false","    });","    if ($('body').length < 1) return callback(new Error(\"No body tag was found\"));","    return callback(null, new Article($, options, url), url);","  }","}",""],"l":{"1":1,"2":1,"3":1,"4":1,"6":1,"7":0,"8":0,"9":0,"11":0,"12":0,"13":0,"15":0,"18":0,"19":0,"20":0,"22":0,"23":0,"25":0,"26":0,"28":0,"29":0,"33":1,"34":0,"35":0,"37":0,"39":0,"44":1,"45":0,"46":0,"52":0,"53":0,"54":0,"57":0,"58":0,"59":0,"61":0,"62":0,"63":0,"64":0,"65":0,"66":0,"70":0,"71":0,"74":0,"77":1,"78":0,"81":1,"82":0,"85":1,"86":0,"87":0,"88":0,"94":0,"95":0,"96":0,"97":0,"99":0,"102":0,"105":1,"106":0,"107":0,"111":0,"112":0}},"/home/travis/build/npmtest/node-npmtest-node-read/node_modules/node-read/lib/utils.js":{"path":"/home/travis/build/npmtest/node-npmtest-node-read/node_modules/node-read/lib/utils.js","s":{"1":1,"2":1,"3":1,"4":1,"5":0,"6":0,"7":0,"8":0,"9":0,"10":0,"11":0,"12":0,"13":0,"14":0,"15":0,"16":0,"17":0,"18":0,"19":1,"20":0,"21":0,"22":0,"23":0,"24":0,"25":0,"26":0,"27":0,"28":0,"29":0,"30":0,"31":0,"32":0,"33":0,"34":0,"35":0,"36":0,"37":0,"38":0,"39":0,"40":0,"41":0,"42":0,"43":0,"44":0,"45":0,"46":0,"47":0,"48":0,"49":0,"50":0,"51":1,"52":0,"53":0,"54":0,"55":0,"56":0,"57":0,"58":0,"59":0,"60":0,"61":0,"62":0,"63":0,"64":0,"65":0,"66":0,"67":0,"68":0,"69":0,"70":0,"71":0,"72":0,"73":0,"74":0,"75":0,"76":0,"77":0,"78":0,"79":0,"80":0,"81":0,"82":0,"83":0,"84":0,"85":0,"86":0,"87":0,"88":0,"89":1,"90":0,"91":0,"92":0,"93":0,"94":0,"95":0,"96":1,"97":0,"98":0,"99":0,"100":0,"101":0,"102":0,"103":0,"104":0,"105":0,"106":0,"107":0,"108":0,"109":0,"110":0,"111":1,"112":0,"113":0,"114":0,"115":0,"116":0,"117":0,"118":0,"119":0,"120":0,"121":0,"122":0,"123":0,"124":1,"125":0,"126":0,"127":0,"128":0,"129":0,"130":0,"131":0,"132":0,"133":0,"134":0,"135":0,"136":1,"137":0,"138":0,"139":0,"140":0,"141":0,"142":0,"143":0,"144":0,"145":0,"146":1,"147":0,"148":0,"149":0,"150":0,"151":0},"b":{"1":[0,0],"2":[0,0],"3":[0,0],"4":[0,0],"5":[0,0,0],"6":[0,0],"7":[0,0],"8":[0,0],"9":[0,0],"10":[0,0],"11":[0,0,0,0,0,0],"12":[0,0],"13":[0,0],"14":[0,0],"15":[0,0],"16":[0,0],"17":[0,0],"18":[0,0,0],"19":[0,0],"20":[0,0],"21":[0,0],"22":[0,0],"23":[0,0],"24":[0,0],"25":[0,0],"26":[0,0],"27":[0,0,0],"28":[0,0],"29":[0,0],"30":[0,0],"31":[0,0],"32":[0,0],"33":[0,0],"34":[0,0,0],"35":[0,0],"36":[0,0],"37":[0,0],"38":[0,0],"39":[0,0],"40":[0,0],"41":[0,0],"42":[0,0],"43":[0,0],"44":[0,0],"45":[0,0],"46":[0,0],"47":[0,0],"48":[0,0],"49":[0,0],"50":[0,0],"51":[0,0],"52":[0,0],"53":[0,0],"54":[0,0],"55":[0,0],"56":[0,0],"57":[0,0],"58":[0,0],"59":[0,0],"60":[0,0],"61":[0,0],"62":[0,0],"63":[0,0],"64":[0,0],"65":[0,0],"66":[0,0],"67":[0,0],"68":[0,0,0],"69":[0,0],"70":[0,0]},"f":{"1":0,"2":0,"3":0,"4":0,"5":0,"6":0,"7":0,"8":0,"9":0,"10":0,"11":0,"12":0,"13":0,"14":0,"15":0,"16":0,"17":0},"fnMap":{"1":{"name":"getArticle","line":41,"loc":{"start":{"line":41,"column":0},"end":{"line":41,"column":44}}},"2":{"name":"(anonymous_2)","line":44,"loc":{"start":{"line":44,"column":21},"end":{"line":44,"column":36}}},"3":{"name":"filterCandidates","line":76,"loc":{"start":{"line":76,"column":0},"end":{"line":76,"column":53}}},"4":{"name":"(anonymous_4)","line":80,"loc":{"start":{"line":80,"column":16},"end":{"line":80,"column":38}}},"5":{"name":"(anonymous_5)","line":93,"loc":{"start":{"line":93,"column":31},"end":{"line":93,"column":53}}},"6":{"name":"(anonymous_6)","line":99,"loc":{"start":{"line":99,"column":28},"end":{"line":99,"column":51}}},"7":{"name":"getCandidates","line":126,"loc":{"start":{"line":126,"column":0},"end":{"line":126,"column":41}}},"8":{"name":"(anonymous_8)","line":135,"loc":{"start":{"line":135,"column":22},"end":{"line":135,"column":47}}},"9":{"name":"(anonymous_9)","line":161,"loc":{"start":{"line":161,"column":29},"end":{"line":161,"column":54}}},"10":{"name":"(anonymous_10)","line":200,"loc":{"start":{"line":200,"column":38},"end":{"line":200,"column":49}}},"11":{"name":"scoreCandidate","line":213,"loc":{"start":{"line":213,"column":0},"end":{"line":213,"column":56}}},"12":{"name":"calculateNodeScore","line":229,"loc":{"start":{"line":229,"column":0},"end":{"line":229,"column":46}}},"13":{"name":"initializeNode","line":263,"loc":{"start":{"line":263,"column":0},"end":{"line":263,"column":30}}},"14":{"name":"getClassWeight","line":277,"loc":{"start":{"line":277,"column":0},"end":{"line":277,"column":30}}},"15":{"name":"getLinkDensity","line":295,"loc":{"start":{"line":295,"column":0},"end":{"line":295,"column":33}}},"16":{"name":"(anonymous_16)","line":300,"loc":{"start":{"line":300,"column":13},"end":{"line":300,"column":35}}},"17":{"name":"(anonymous_17)","line":314,"loc":{"start":{"line":314,"column":25},"end":{"line":314,"column":52}}}},"statementMap":{"1":{"start":{"line":5,"column":0},"end":{"line":5,"column":25}},"2":{"start":{"line":11,"column":0},"end":{"line":24,"column":2}},"3":{"start":{"line":30,"column":0},"end":{"line":35,"column":2}},"4":{"start":{"line":41,"column":0},"end":{"line":69,"column":1}},"5":{"start":{"line":42,"column":2},"end":{"line":42,"column":26}},"6":{"start":{"line":44,"column":2},"end":{"line":53,"column":5}},"7":{"start":{"line":45,"column":4},"end":{"line":45,"column":46}},"8":{"start":{"line":46,"column":4},"end":{"line":46,"column":46}},"9":{"start":{"line":47,"column":4},"end":{"line":47,"column":45}},"10":{"start":{"line":49,"column":4},"end":{"line":49,"column":98}},"11":{"start":{"line":50,"column":4},"end":{"line":52,"column":5}},"12":{"start":{"line":51,"column":6},"end":{"line":51,"column":26}},"13":{"start":{"line":58,"column":2},"end":{"line":60,"column":3}},"14":{"start":{"line":59,"column":4},"end":{"line":59,"column":21}},"15":{"start":{"line":63,"column":2},"end":{"line":63,"column":13}},"16":{"start":{"line":64,"column":2},"end":{"line":68,"column":3}},"17":{"start":{"line":65,"column":4},"end":{"line":65,"column":70}},"18":{"start":{"line":67,"column":4},"end":{"line":67,"column":64}},"19":{"start":{"line":76,"column":0},"end":{"line":120,"column":1}},"20":{"start":{"line":77,"column":2},"end":{"line":77,"column":64}},"21":{"start":{"line":78,"column":2},"end":{"line":78,"column":88}},"22":{"start":{"line":80,"column":2},"end":{"line":118,"column":5}},"23":{"start":{"line":82,"column":4},"end":{"line":82,"column":23}},"24":{"start":{"line":83,"column":4},"end":{"line":83,"column":23}},"25":{"start":{"line":84,"column":4},"end":{"line":84,"column":32}},"26":{"start":{"line":85,"column":4},"end":{"line":85,"column":46}},"27":{"start":{"line":86,"column":4},"end":{"line":86,"column":46}},"28":{"start":{"line":88,"column":4},"end":{"line":90,"column":5}},"29":{"start":{"line":89,"column":6},"end":{"line":89,"column":20}},"30":{"start":{"line":92,"column":4},"end":{"line":96,"column":5}},"31":{"start":{"line":93,"column":6},"end":{"line":95,"column":9}},"32":{"start":{"line":94,"column":8},"end":{"line":94,"column":46}},"33":{"start":{"line":94,"column":32},"end":{"line":94,"column":46}},"34":{"start":{"line":98,"column":4},"end":{"line":114,"column":5}},"35":{"start":{"line":99,"column":5},"end":{"line":102,"column":11}},"36":{"start":{"line":100,"column":10},"end":{"line":100,"column":49}},"37":{"start":{"line":100,"column":42},"end":{"line":100,"column":49}},"38":{"start":{"line":101,"column":10},"end":{"line":101,"column":51}},"39":{"start":{"line":101,"column":33},"end":{"line":101,"column":51}},"40":{"start":{"line":104,"column":6},"end":{"line":104,"column":48}},"41":{"start":{"line":105,"column":6},"end":{"line":105,"column":35}},"42":{"start":{"line":106,"column":6},"end":{"line":106,"column":26}},"43":{"start":{"line":106,"column":19},"end":{"line":106,"column":26}},"44":{"start":{"line":108,"column":6},"end":{"line":112,"column":7}},"45":{"start":{"line":109,"column":8},"end":{"line":109,"column":22}},"46":{"start":{"line":110,"column":13},"end":{"line":112,"column":7}},"47":{"start":{"line":111,"column":8},"end":{"line":111,"column":22}},"48":{"start":{"line":115,"column":4},"end":{"line":117,"column":5}},"49":{"start":{"line":116,"column":6},"end":{"line":116,"column":34}},"50":{"start":{"line":119,"column":2},"end":{"line":119,"column":24}},"51":{"start":{"line":126,"column":0},"end":{"line":205,"column":1}},"52":{"start":{"line":129,"column":2},"end":{"line":129,"column":36}},"53":{"start":{"line":132,"column":2},"end":{"line":132,"column":22}},"54":{"start":{"line":135,"column":2},"end":{"line":198,"column":5}},"55":{"start":{"line":136,"column":4},"end":{"line":136,"column":23}},"56":{"start":{"line":139,"column":4},"end":{"line":139,"column":42}},"57":{"start":{"line":139,"column":35},"end":{"line":139,"column":42}},"58":{"start":{"line":140,"column":4},"end":{"line":140,"column":36}},"59":{"start":{"line":143,"column":4},"end":{"line":143,"column":74}},"60":{"start":{"line":144,"column":4},"end":{"line":146,"column":5}},"61":{"start":{"line":145,"column":6},"end":{"line":145,"column":27}},"62":{"start":{"line":149,"column":4},"end":{"line":151,"column":5}},"63":{"start":{"line":150,"column":6},"end":{"line":150,"column":27}},"64":{"start":{"line":154,"column":4},"end":{"line":154,"column":29}},"65":{"start":{"line":157,"column":4},"end":{"line":172,"column":5}},"66":{"start":{"line":158,"column":6},"end":{"line":171,"column":7}},"67":{"start":{"line":159,"column":8},"end":{"line":159,"column":79}},"68":{"start":{"line":161,"column":8},"end":{"line":170,"column":11}},"69":{"start":{"line":162,"column":10},"end":{"line":163,"column":24}},"70":{"start":{"line":164,"column":10},"end":{"line":166,"column":11}},"71":{"start":{"line":165,"column":12},"end":{"line":165,"column":19}},"72":{"start":{"line":167,"column":10},"end":{"line":169,"column":11}},"73":{"start":{"line":168,"column":12},"end":{"line":168,"column":89}},"74":{"start":{"line":175,"column":4},"end":{"line":177,"column":5}},"75":{"start":{"line":176,"column":6},"end":{"line":176,"column":50}},"76":{"start":{"line":180,"column":4},"end":{"line":187,"column":5}},"77":{"start":{"line":181,"column":6},"end":{"line":183,"column":7}},"78":{"start":{"line":182,"column":8},"end":{"line":182,"column":62}},"79":{"start":{"line":184,"column":6},"end":{"line":186,"column":7}},"80":{"start":{"line":185,"column":8},"end":{"line":185,"column":64}},"81":{"start":{"line":190,"column":4},"end":{"line":196,"column":5}},"82":{"start":{"line":191,"column":6},"end":{"line":191,"column":43}},"83":{"start":{"line":192,"column":6},"end":{"line":192,"column":44}},"84":{"start":{"line":193,"column":6},"end":{"line":195,"column":7}},"85":{"start":{"line":194,"column":8},"end":{"line":194,"column":22}},"86":{"start":{"line":200,"column":2},"end":{"line":202,"column":5}},"87":{"start":{"line":201,"column":4},"end":{"line":201,"column":44}},"88":{"start":{"line":204,"column":2},"end":{"line":204,"column":20}},"89":{"start":{"line":213,"column":0},"end":{"line":222,"column":1}},"90":{"start":{"line":214,"column":2},"end":{"line":214,"column":12}},"91":{"start":{"line":215,"column":2},"end":{"line":220,"column":3}},"92":{"start":{"line":216,"column":4},"end":{"line":216,"column":33}},"93":{"start":{"line":217,"column":4},"end":{"line":217,"column":26}},"94":{"start":{"line":219,"column":4},"end":{"line":219,"column":47}},"95":{"start":{"line":221,"column":2},"end":{"line":221,"column":53}},"96":{"start":{"line":229,"column":0},"end":{"line":257,"column":1}},"97":{"start":{"line":230,"column":2},"end":{"line":230,"column":24}},"98":{"start":{"line":231,"column":2},"end":{"line":231,"column":23}},"99":{"start":{"line":234,"column":2},"end":{"line":234,"column":30}},"100":{"start":{"line":234,"column":23},"end":{"line":234,"column":30}},"101":{"start":{"line":238,"column":2},"end":{"line":238,"column":41}},"102":{"start":{"line":239,"column":2},"end":{"line":241,"column":3}},"103":{"start":{"line":240,"column":4},"end":{"line":240,"column":34}},"104":{"start":{"line":244,"column":2},"end":{"line":244,"column":60}},"105":{"start":{"line":248,"column":2},"end":{"line":248,"column":29}},"106":{"start":{"line":250,"column":2},"end":{"line":256,"column":3}},"107":{"start":{"line":251,"column":4},"end":{"line":251,"column":53}},"108":{"start":{"line":252,"column":4},"end":{"line":252,"column":38}},"109":{"start":{"line":253,"column":4},"end":{"line":255,"column":5}},"110":{"start":{"line":254,"column":6},"end":{"line":254,"column":64}},"111":{"start":{"line":263,"column":0},"end":{"line":271,"column":1}},"112":{"start":{"line":264,"column":2},"end":{"line":264,"column":42}},"113":{"start":{"line":264,"column":33},"end":{"line":264,"column":42}},"114":{"start":{"line":265,"column":2},"end":{"line":265,"column":29}},"115":{"start":{"line":266,"column":2},"end":{"line":266,"column":83}},"116":{"start":{"line":266,"column":51},"end":{"line":266,"column":83}},"117":{"start":{"line":267,"column":2},"end":{"line":267,"column":79}},"118":{"start":{"line":267,"column":47},"end":{"line":267,"column":79}},"119":{"start":{"line":268,"column":2},"end":{"line":268,"column":80}},"120":{"start":{"line":268,"column":47},"end":{"line":268,"column":80}},"121":{"start":{"line":269,"column":2},"end":{"line":269,"column":84}},"122":{"start":{"line":269,"column":51},"end":{"line":269,"column":84}},"123":{"start":{"line":270,"column":2},"end":{"line":270,"column":12}},"124":{"start":{"line":277,"column":0},"end":{"line":287,"column":1}},"125":{"start":{"line":278,"column":2},"end":{"line":278,"column":49}},"126":{"start":{"line":278,"column":40},"end":{"line":278,"column":49}},"127":{"start":{"line":279,"column":2},"end":{"line":279,"column":72}},"128":{"start":{"line":280,"column":2},"end":{"line":280,"column":17}},"129":{"start":{"line":282,"column":2},"end":{"line":282,"column":50}},"130":{"start":{"line":282,"column":37},"end":{"line":282,"column":50}},"131":{"start":{"line":283,"column":2},"end":{"line":283,"column":65}},"132":{"start":{"line":283,"column":52},"end":{"line":283,"column":65}},"133":{"start":{"line":284,"column":2},"end":{"line":284,"column":65}},"134":{"start":{"line":284,"column":52},"end":{"line":284,"column":65}},"135":{"start":{"line":286,"column":2},"end":{"line":286,"column":16}},"136":{"start":{"line":295,"column":0},"end":{"line":307,"column":1}},"137":{"start":{"line":296,"column":2},"end":{"line":296,"column":29}},"138":{"start":{"line":297,"column":2},"end":{"line":297,"column":38}},"139":{"start":{"line":298,"column":2},"end":{"line":298,"column":21}},"140":{"start":{"line":300,"column":2},"end":{"line":304,"column":5}},"141":{"start":{"line":301,"column":4},"end":{"line":301,"column":36}},"142":{"start":{"line":302,"column":4},"end":{"line":302,"column":62}},"143":{"start":{"line":302,"column":55},"end":{"line":302,"column":62}},"144":{"start":{"line":303,"column":4},"end":{"line":303,"column":40}},"145":{"start":{"line":306,"column":2},"end":{"line":306,"column":40}},"146":{"start":{"line":314,"column":0},"end":{"line":321,"column":1}},"147":{"start":{"line":315,"column":2},"end":{"line":315,"column":51}},"148":{"start":{"line":316,"column":2},"end":{"line":316,"column":47}},"149":{"start":{"line":317,"column":2},"end":{"line":319,"column":3}},"150":{"start":{"line":318,"column":4},"end":{"line":318,"column":49}},"151":{"start":{"line":320,"column":2},"end":{"line":320,"column":17}}},"branchMap":{"1":{"line":50,"type":"if","locations":[{"start":{"line":50,"column":4},"end":{"line":50,"column":4}},{"start":{"line":50,"column":4},"end":{"line":50,"column":4}}]},"2":{"line":50,"type":"binary-expr","locations":[{"start":{"line":50,"column":8},"end":{"line":50,"column":21}},{"start":{"line":50,"column":25},"end":{"line":50,"column":94}}]},"3":{"line":58,"type":"if","locations":[{"start":{"line":58,"column":2},"end":{"line":58,"column":2}},{"start":{"line":58,"column":2},"end":{"line":58,"column":2}}]},"4":{"line":64,"type":"if","locations":[{"start":{"line":64,"column":2},"end":{"line":64,"column":2}},{"start":{"line":64,"column":2},"end":{"line":64,"column":2}}]},"5":{"line":64,"type":"binary-expr","locations":[{"start":{"line":64,"column":6},"end":{"line":64,"column":39}},{"start":{"line":64,"column":43},"end":{"line":64,"column":61}},{"start":{"line":64,"column":65},"end":{"line":64,"column":102}}]},"6":{"line":88,"type":"if","locations":[{"start":{"line":88,"column":4},"end":{"line":88,"column":4}},{"start":{"line":88,"column":4},"end":{"line":88,"column":4}}]},"7":{"line":88,"type":"binary-expr","locations":[{"start":{"line":88,"column":8},"end":{"line":88,"column":29}},{"start":{"line":88,"column":33},"end":{"line":88,"column":62}}]},"8":{"line":92,"type":"if","locations":[{"start":{"line":92,"column":4},"end":{"line":92,"column":4}},{"start":{"line":92,"column":4},"end":{"line":92,"column":4}}]},"9":{"line":94,"type":"if","locations":[{"start":{"line":94,"column":8},"end":{"line":94,"column":8}},{"start":{"line":94,"column":8},"end":{"line":94,"column":8}}]},"10":{"line":98,"type":"if","locations":[{"start":{"line":98,"column":4},"end":{"line":98
[...]
ne":144,"column":4},"end":{"line":144,"column":4}}]},"25":{"line":144,"type":"binary-expr","locations":[{"start":{"line":144,"column":8},"end":{"line":144,"column":62}},{"start":{"line":144,"column":66},"end":{"line":144,"column":121}}]},"26":{"line":149,"type":"if","locations":[{"start":{"line":149,"column":4},"end":{"line":149,"column":4}},{"start":{"line":149,"column":4},"end":{"line":149,"column":4}}]},"27":{"line":149,"type":"binary-expr","locations":[{"start":{"line":149,"column":8},"end":{"line":149,"column":25}},{"start":{"line":149,"column":29},"end":{"line":149,"column":55}},{"start":{"line":149,"column":59},"end":{"line":149,"column":88}}]},"28":{"line":157,"type":"if","locations":[{"start":{"line":157,"column":4},"end":{"line":157,"column":4}},{"start":{"line":157,"column":4},"end":{"line":157,"column":4}}]},"29":{"line":157,"type":"binary-expr","locations":[{"start":{"line":157,"column":8},"end":{"line":157,"column":26}},{"start":{"line":157,"column":30},"end":{"line":157,"column":50}}]},"30":{"line":158,"type":"if","locations":[{"start":{"line":158,"column":6},"end":{"line":158,"column":6}},{"start":{"line":158,"column":6},"end":{"line":158,"column":6}}]},"31":{"line":164,"type":"if","locations":[{"start":{"line":164,"column":10},"end":{"line":164,"column":10}},{"start":{"line":164,"column":10},"end":{"line":164,"column":10}}]},"32":{"line":164,"type":"binary-expr","locations":[{"start":{"line":164,"column":14},"end":{"line":164,"column":20}},{"start":{"line":164,"column":24},"end":{"line":164,"column":53}}]},"33":{"line":167,"type":"if","locations":[{"start":{"line":167,"column":10},"end":{"line":167,"column":10}},{"start":{"line":167,"column":10},"end":{"line":167,"column":10}}]},"34":{"line":167,"type":"binary-expr","locations":[{"start":{"line":167,"column":14},"end":{"line":167,"column":40}},{"start":{"line":167,"column":44},"end":{"line":167,"column":60}},{"start":{"line":167,"column":64},"end":{"line":167,"column":119}}]},"35":{"line":175,"type":"if","locations":[{"start":{"line":175,"column":4},"end":{"line":175,"column":4}},{"start":{"line":175,"column":4},"end":{"line":175,"column":4}}]},"36":{"line":175,"type":"binary-expr","locations":[{"start":{"line":175,"column":8},"end":{"line":175,"column":23}},{"start":{"line":175,"column":27},"end":{"line":175,"column":44}}]},"37":{"line":180,"type":"if","locations":[{"start":{"line":180,"column":4},"end":{"line":180,"column":4}},{"start":{"line":180,"column":4},"end":{"line":180,"column":4}}]},"38":{"line":181,"type":"if","locations":[{"start":{"line":181,"column":6},"end":{"line":181,"column":6}},{"start":{"line":181,"column":6},"end":{"line":181,"column":6}}]},"39":{"line":181,"type":"binary-expr","locations":[{"start":{"line":181,"column":10},"end":{"line":181,"column":27}},{"start":{"line":181,"column":31},"end":{"line":181,"column":69}}]},"40":{"line":184,"type":"if","locations":[{"start":{"line":184,"column":6},"end":{"line":184,"column":6}},{"start":{"line":184,"column":6},"end":{"line":184,"column":6}}]},"41":{"line":184,"type":"binary-expr","locations":[{"start":{"line":184,"column":10},"end":{"line":184,"column":25}},{"start":{"line":184,"column":29},"end":{"line":184,"column":68}}]},"42":{"line":190,"type":"if","locations":[{"start":{"line":190,"column":4},"end":{"line":190,"column":4}},{"start":{"line":190,"column":4},"end":{"line":190,"column":4}}]},"43":{"line":193,"type":"if","locations":[{"start":{"line":193,"column":6},"end":{"line":193,"column":6}},{"start":{"line":193,"column":6},"end":{"line":193,"column":6}}]},"44":{"line":193,"type":"binary-expr","locations":[{"start":{"line":193,"column":10},"end":{"line":193,"column":20}},{"start":{"line":193,"column":24},"end":{"line":193,"column":37}}]},"45":{"line":215,"type":"if","locations":[{"start":{"line":215,"column":2},"end":{"line":215,"column":2}},{"start":{"line":215,"column":2},"end":{"line":215,"column":2}}]},"46":{"line":219,"type":"binary-expr","locations":[{"start":{"line":219,"column":12},"end":{"line":219,"column":41}},{"start":{"line":219,"column":45},"end":{"line":219,"column":46}}]},"47":{"line":234,"type":"if","locations":[{"start":{"line":234,"column":2},"end":{"line":234,"column":2}},{"start":{"line":234,"column":2},"end":{"line":234,"column":2}}]},"48":{"line":239,"type":"if","locations":[{"start":{"line":239,"column":2},"end":{"line":239,"column":2}},{"start":{"line":239,"column":2},"end":{"line":239,"column":2}}]},"49":{"line":239,"type":"binary-expr","locations":[{"start":{"line":239,"column":6},"end":{"line":239,"column":12}},{"start":{"line":239,"column":16},"end":{"line":239,"column":29}}]},"50":{"line":250,"type":"if","locations":[{"start":{"line":250,"column":2},"end":{"line":250,"column":2}},{"start":{"line":250,"column":2},"end":{"line":250,"column":2}}]},"51":{"line":250,"type":"binary-expr","locations":[{"start":{"line":250,"column":6},"end":{"line":250,"column":12}},{"start":{"line":250,"column":16},"end":{"line":250,"column":33}}]},"52":{"line":253,"type":"if","locations":[{"start":{"line":253,"column":4},"end":{"line":253,"column":4}},{"start":{"line":253,"column":4},"end":{"line":253,"column":4}}]},"53":{"line":253,"type":"binary-expr","locations":[{"start":{"line":253,"column":8},"end":{"line":253,"column":19}},{"start":{"line":253,"column":23},"end":{"line":253,"column":45}}]},"54":{"line":264,"type":"if","locations":[{"start":{"line":264,"column":2},"end":{"line":264,"column":2}},{"start":{"line":264,"column":2},"end":{"line":264,"column":2}}]},"55":{"line":264,"type":"binary-expr","locations":[{"start":{"line":264,"column":6},"end":{"line":264,"column":11}},{"start":{"line":264,"column":15},"end":{"line":264,"column":31}}]},"56":{"line":266,"type":"if","locations":[{"start":{"line":266,"column":2},"end":{"line":266,"column":2}},{"start":{"line":266,"column":2},"end":{"line":266,"column":2}}]},"57":{"line":267,"type":"if","locations":[{"start":{"line":267,"column":2},"end":{"line":267,"column":2}},{"start":{"line":267,"column":2},"end":{"line":267,"column":2}}]},"58":{"line":268,"type":"if","locations":[{"start":{"line":268,"column":2},"end":{"line":268,"column":2}},{"start":{"line":268,"column":2},"end":{"line":268,"column":2}}]},"59":{"line":269,"type":"if","locations":[{"start":{"line":269,"column":2},"end":{"line":269,"column":2}},{"start":{"line":269,"column":2},"end":{"line":269,"column":2}}]},"60":{"line":278,"type":"if","locations":[{"start":{"line":278,"column":2},"end":{"line":278,"column":2}},{"start":{"line":278,"column":2},"end":{"line":278,"column":2}}]},"61":{"line":278,"type":"binary-expr","locations":[{"start":{"line":278,"column":6},"end":{"line":278,"column":18}},{"start":{"line":278,"column":22},"end":{"line":278,"column":38}}]},"62":{"line":279,"type":"binary-expr","locations":[{"start":{"line":279,"column":20},"end":{"line":279,"column":38}},{"start":{"line":279,"column":42},"end":{"line":279,"column":44}}]},"63":{"line":279,"type":"binary-expr","locations":[{"start":{"line":279,"column":49},"end":{"line":279,"column":64}},{"start":{"line":279,"column":68},"end":{"line":279,"column":70}}]},"64":{"line":282,"type":"if","locations":[{"start":{"line":282,"column":2},"end":{"line":282,"column":2}},{"start":{"line":282,"column":2},"end":{"line":282,"column":2}}]},"65":{"line":283,"type":"if","locations":[{"start":{"line":283,"column":2},"end":{"line":283,"column":2}},{"start":{"line":283,"column":2},"end":{"line":283,"column":2}}]},"66":{"line":284,"type":"if","locations":[{"start":{"line":284,"column":2},"end":{"line":284,"column":2}},{"start":{"line":284,"column":2},"end":{"line":284,"column":2}}]},"67":{"line":302,"type":"if","locations":[{"start":{"line":302,"column":4},"end":{"line":302,"column":4}},{"start":{"line":302,"column":4},"end":{"line":302,"column":4}}]},"68":{"line":302,"type":"binary-expr","locations":[{"start":{"line":302,"column":8},"end":{"line":302,"column":13}},{"start":{"line":302,"column":18},"end":{"line":302,"column":33}},{"start":{"line":302,"column":37},"end":{"line":302,"column":52}}]},"69":{"line":306,"type":"binary-expr","locations":[{"start":{"line":306,"column":10},"end":{"line":306,"column":33}},{"start":{"line":306,"column":38},"end":{"line":306,"column":39}}]},"70":{"line":317,"type":"if","locations":[{"start":{"line":317,"column":2},"end":{"line":317,"column":2}},{"start":{"line":317,"column":2},"end":{"line":317,"column":2}}]}},"code":["/*"," * Url module. Required for resolving relative paths."," */","","var url = require(\"url\");","","/*"," * Regexp from origin Arc90 Readability."," */","","var regexps = {","  unlikelyCandidatesRe: /combx|pager|comment|disqus|foot|header|menu|meta|nav|rss|shoutbox|sidebar|sponsor|share|bookmark|social|advert|leaderboard|instapaper_ignore|entry-unrelated/i,","  okMaybeItsACandidateRe: /and|article|body|column|main/i,","  positiveRe: /article|body|content|entry|hentry|page|pagination|post|text/i,","  negativeRe: /combx|comment|captcha|contact|foot|footer|footnote|link|media|meta|promo|related|scroll|shoutbox|sponsor|utility|tags|widget|tip|dialog/i,","  divToPElementsRe: /<(a|blockquote|dl|div|img|ol|p|pre|table|ul)/i,","  replaceBrsRe: /(<br[^>]*>[ \\n\\r\\t]*){2,}/gi,","  replaceFontsRe: /<(\\/?)font[^>]*>/gi,","  trimRe: /^\\s+|\\s+$/g,","  normalizeRe: /\\s{2,}/g,","  killBreaksRe: /(<br\\s*\\/?>(\\s|&nbsp;?)*){1,}/g,","  videoRe: /http:\\/\\/(www\\.)?(youtube|vimeo|youku|tudou|56|yinyuetai)\\.com/i,","  nextLink: /(next|weiter|continue|>([^\\|]|$)|»([^\\|]|$))/i // Will be used to get the next Page of Article","};","","/**"," * Node Types and their classification"," **/","","var nodeTypes = {","  'mostPositive': ['div'],","  'positive': ['pre', 'td', 'blockquote'],","  'negative': ['address', 'ol', 'ul', 'dl', 'dd', 'dt', 'li'],","  'mostNegative': ['h1', 'h2', 'h3', 'h4', 'h5', 'h6', 'th']","};","","/**"," * Select the TopCandidate from all possible candidates"," **/","","function getArticle(candidates, $, options) {","  var topCandidate = null;","","  candidates.forEach(function(elem) {","    var linkDensity = getLinkDensity(elem, $);","    var score = elem.data('readabilityScore');","    var siblings = elem.children('p').length;","","    elem.data('readabilityScore', Math.min(2, Math.max(siblings, 1)) * score * (1 - linkDensity));","    if (!topCandidate || elem.data('readabilityScore') > topCandidate.data('readabilityScore')) {","      topCandidate = elem;","    }","  });","  /**","   * If we still have no top candidate, just use the body as a last resort.","   * Should not happen.","   **/","  if (topCandidate === null) {","    return $('body');","  }","","  // Perhaps the topCandidate is the parent?","  var parent;","  if (!(parent = topCandidate.parent()) || parent.length == 0 || topCandidate.children('p').length > 5) {","    return filterCandidates(topCandidate, topCandidate.children(), $);","  } else {","    return filterCandidates(topCandidate, parent.children(), $);","  }","}","","/**"," * Filter TopCandidate Siblings (Children) based on their Link Density, and readabilityScore"," * Append the nodes to articleContent"," **/","","function filterCandidates(topCandidate, siblings, $) {","  var articleContent = $(\"<div id='readabilityArticle'></div>\");","  var siblingScoreThreshold = Math.max(10, topCandidate.data('readabilityScore') * 0.2);","","  siblings.each(function(index, elem) {","","    var node = $(this);","    var append = false;","    var type = node.get(0).name;","    var score = node.data('readabilityScore');","    var children = siblings.contents().length;","","    if (node.is(topCandidate) || score > siblingScoreThreshold) {","      append = true;","    }","","    if (children > 0) {","      siblings.contents().each(function(index, elem) {","        if (elem.name == \"img\") append = true;","      });","    }","","    if (!append && (type == 'p' || type == 'ul' || type == 'blockquote' || type == 'pre' || type == 'h2')) {","     $(elem).find('a').each(function(index, elems) {","          if ($(elems).text().length > 1) return;","          if (elems.name == \"a\") $(elems).remove();","        });","      ","      var linkDensity = getLinkDensity(node, $);","      var len = node.text().length;","      if (len < 3) return;","","      if (len > 80 && linkDensity < 0.25) {","        append = true;","      } else if (len < 80 && linkDensity == 0 && node.text().replace(regexps.trimRe, \"\").length > 0) {","        append = true;","      }","","    }","    if (append) {","      articleContent.append(node);","    }","  });","  return articleContent;","}","","/**"," * Traverse all Nodes and remove unlikely Candidates."," **/","","function getCandidates($, base, options) {","","  // Removing unnecessary nodes","  $(options.nodesToRemove).remove();","","  // Candidates Array","  var candidates = [];","","  // Iterate over all Nodes in body","  $('*', 'body').each(function(index, element) {","    var node = $(this);","","    // If node is null, return, otherwise Illegal Access Error","    if (!node || node.length == 0) return;","    var nodeType = node.get(0).name;","","    // Remove Unlikely Candidates","    var classAndID = (node.attr('class') || \"\") + (node.attr('id') || \"\");","    if (classAndID.search(regexps.unlikelyCandidatesRe) !== -1 && classAndID.search(regexps.okMaybeItsACandidateRe) == -1) {","      return node.remove();","    }","","    // Remove Elements that have no children and have no content","    if (nodeType == \"div\" && node.children().length < 1 && node.text().trim().length < 1) {","      return node.remove();","    }","","    // Remove Style ","    node.removeAttr('style');","","    // turn all divs that don't have children block level elements into p's","    if (nodeType === \"div\" && options.considerDIVs) {","      if (node.html().search(regexps.divToPElementsRe) === -1) {","        node.replaceWith('<p class=\"node-read-div2p\">' + node.html() + '</p>');","      } else {","        node.contents().each(function(index, element) {","          var child = $(this),","            childEntity;","          if (!child || !(childEntity = child.get(0))) {","            return;","          }","          if (childEntity.type == 'text' && childEntity.data && childEntity.data.replace(regexps.trimRe, '').length > 1) {","            child.replaceWith('<p class=\"node-read-div2p\">' + childEntity.data + '</p>');","          }","        });","      }","    }","","    // score paragraphs.","    if (nodeType == \"p\" || nodeType == \"pre\") {","      return calculateNodeScore(node, candidates);","    }","","    // Resolve URLs","    if (base) {","      if (nodeType == \"img\" && typeof node.attr('src') != \"undefined\") {","        node.attr('src', url.resolve(base, node.attr('src')));","      }","      if (nodeType == \"a\" && typeof node.attr('href') != \"undefined\") {","        node.attr('href', url.resolve(base, node.attr('href')));","      }","    }","","    // Clean the headers","    if ([\"h1\", \"h2\", \"h3\", \"h4\", \"h5\", \"h6\"].indexOf(nodeType) !== -1) {","      var weight = getClassWeight(node, $);","      var density = getLinkDensity(node, $);","      if (weight < 0 || density > 0.3) {","        node.remove();","      }","    }","","  });","  // calculate scores of `P`s that were turned from DIV by us.","  $('p.node-read-div2p', 'body').each(function() {","    calculateNodeScore($(this), candidates);","  });","","  return candidates;","}","","/**"," * Give a score to each node based on the Content."," * @param node"," * @param contentScore"," * @param candidates"," */","function scoreCandidate(node, contentScore, candidates) {","  var score;","  if (typeof node.data('readabilityScore') == \"undefined\") {","    score = initializeNode(node);","    candidates.push(node);","  } else {","    score = node.data('readabilityScore') || 0;","  }","  node.data('readabilityScore', score + contentScore)","}","","/**"," * calculate score of specified node."," * @param node"," * @param candidates"," */","function calculateNodeScore(node, candidates) {","  var txt = node.text();","  var contentScore = 1;","","  // Ignore too small nodes","  if (txt.length < 25) return;","","  // Add points for any commas within this paragraph","  // support Chinese commas.","  var commas = txt.match(/[,，.。;；?？、]/g);","  if (commas && commas.length) {","    contentScore += commas.length;","  }","","  // For every 100 characters in this paragraph, add another point. Up to 3 points.","  contentScore += Math.min(Math.floor(txt.length / 100), 3);","","  // Initialize Parent and Grandparent","  // First initialize the parent node with contentScore / 1, then grandParentNode with contentScore / 2","  var parent = node.parent();","","  if (parent && parent.length > 0) {","    scoreCandidate(parent, contentScore, candidates);","    var grandParent = parent.parent();","    if (grandParent && grandParent.length > 0) {","      scoreCandidate(grandParent, contentScore / 2, candidates);","    }","  }","}","","/**"," * Check the type of node, and get its Weight"," **/","","function initializeNode(node) {","  if (!node || node.length == 0) return 0;","  var tag = node.get(0).name;","  if (nodeTypes['mostPositive'].indexOf(tag) >= 0) return 5 + getClassWeight(node);","  if (nodeTypes['positive'].indexOf(tag) >= 0) return 3 + getClassWeight(node);","  if (nodeTypes['negative'].indexOf(tag) >= 0) return -3 + getClassWeight(node);","  if (nodeTypes['mostNegative'].indexOf(tag) >= 0) return -5 + getClassWeight(node);","  return -1;","}","","/**"," * Node Weight is calculated based on className and ID of the node."," **/","","function getClassWeight(node) {","  if (node == null || node.length == 0) return 0;","  var classAndID = (node.attr('class') || \"\") + (node.attr('id') || \"\");","  var weight = 0;","","  if (node.get(0).name == \"article\") weight += 25;","  if (classAndID.search(regexps.negativeRe) !== -1) weight -= 25;","  if (classAndID.search(regexps.positiveRe) !== -1) weight += 25;","","  return weight;","}","","/**"," * Get Link density of this node."," * Total length of link text in this node divided by the total text of the node."," * Relative links are not included."," **/","","function getLinkDensity(node, $) {","  var links = node.find('a');","  var textLength = node.text().length;","  var linkLength = 0;","","  links.each(function(index, elem) {","    var href = $(this).attr('href');","    if (!href || (href.length > 0 && href[0] === '#')) return;","    linkLength += $(this).text().length;","  });","","  return (linkLength / textLength) || 0;","}","","/**"," * Main method"," * If the first run does not succeed, try the body element;"," **/","","module.exports.extract = function($, base, options) {","  var candidates = getCandidates($, base, options);","  article = getArticle(candidates, $, options);","  if (article.length < 1) {","    article = getArticle([$('body')], $, options)","  }","  return article;","}",""],"l":{"5":1,"11":1,"30":1,"41":1,"42":0,"44":0,"45":0,"46":0,"47":0,"49":0,"50":0,"51":0,"58":0,"59":0,"63":0,"64":0,"65":0,"67":0,"76":1,"77":0,"78":0,"80":0,"82":0,"83":0,"84":0,"85":0,"86":0,"88":0,"89":0,"92":0,"93":0,"94":0,"98":0,"99":0,"100":0,"101":0,"104":0,"105":0,"106":0,"108":0,"109":0,"110":0,"111":0,"115":0,"116":0,"119":0,"126":1,"129":0,"132":0,"135":0,"136":0,"139":0,"140":0,"143":0,"144":0,"145":0,"149":0,"150":0,"154":0,"157":0,"158":0,"159":0,"161":0,"162":0,"164":0,"165":0,"167":0,"168":0,"175":0,"176":0,"180":0,"181":0,"182":0,"184":0,"185":0,"190":0,"191":0,"192":0,"193":0,"194":0,"200":0,"201":0,"204":0,"213":1,"214":0,"215":0,"216":0,"217":0,"219":0,"221":0,"229":1,"230":0,"231":0,"234":0,"238":0,"239":0,"240":0,"244":0,"248":0,"250":0,"251":0,"252":0,"253":0,"254":0,"263":1,"264":0,"265":0,"266":0,"267":0,"268":0,"269":0,"270":0,"277":1,"278":0,"279":0,"280":0,"282":0,"283":0,"284":0,"286":0,"295":1,"296":0,"297":0,"298":0,"300":0,"301":0,"302":0,"303":0,"306":0,"314":1,"315":0,"316":0,"317":0,"318":0,"320":0}}}